*** Starting uWSGI 2.0.17 (64bit) on [Thu May  3 12:20:10 2018] ***
compiled with version: 5.4.0 20160609 on 03 May 2018 04:15:55
os: Linux-4.4.0-31-generic #50-Ubuntu SMP Wed Jul 13 00:07:12 UTC 2016
nodename: ubuntu
machine: x86_64
clock source: unix
pcre jit disabled
detected number of CPU cores: 1
current working directory: /home/python/Desktop/django/dailyfresh
writing pidfile to uwsgi.pid
detected binary path: /home/python/.virtualenvs/django_py3/bin/uwsgi
chdir() to /home/python/Desktop/django/dailyfresh
your processes number limit is 11807
your memory page size is 4096 bytes
detected max file descriptor number: 1048576
lock engine: pthread robust mutexes
thunder lock: disabled (you can enable it with --thunder-lock)
uWSGI http bound on 127.0.0.1:8080 fd 4
uwsgi socket 0 bound to TCP address 127.0.0.1:43563 (port auto-assigned) fd 3
Python version: 3.5.2 (default, Nov 23 2017, 16:37:01)  [GCC 5.4.0 20160609]
Set PythonHome to /home/python/.virtualenvs/django_py3
Python main interpreter initialized at 0x123c680
python threads support enabled
your server socket listen backlog is limited to 100 connections
your mercy for graceful operations on workers is 60 seconds
mapped 416880 bytes (407 KB) for 8 cores
*** Operational MODE: preforking+threaded ***
WSGI app 0 (mountpoint='') ready in 1 seconds on interpreter 0x123c680 pid: 7371 (default app)
*** uWSGI is running in multiple interpreter mode ***
spawned uWSGI master process (pid: 7371)
spawned uWSGI worker 1 (pid: 7376, cores: 2)
spawned uWSGI worker 2 (pid: 7377, cores: 2)
spawned uWSGI worker 3 (pid: 7378, cores: 2)
spawned uWSGI worker 4 (pid: 7379, cores: 2)
spawned uWSGI http 1 (pid: 7380)
[pid: 7376|app: 0|req: 1/1] 127.0.0.1 () {38 vars in 725 bytes} [Thu May  3 12:20:54 2018] GET /user/register => generated 3449 bytes in 469 msecs (HTTP/1.1 200) 4 headers in 224 bytes (1 switches on core 0)
[pid: 7376|app: 0|req: 3/2] 127.0.0.1 () {38 vars in 686 bytes} [Thu May  3 12:20:55 2018] GET /static/js/register.js => generated 95 bytes in 292 msecs (HTTP/1.1 404) 2 headers in 80 bytes (1 switches on core 0)
[pid: 7376|app: 0|req: 3/3] 127.0.0.1 () {38 vars in 699 bytes} [Thu May  3 12:20:55 2018] GET /static/css/reset.css => generated 94 bytes in 367 msecs (HTTP/1.1 404) 2 headers in 80 bytes (1 switches on core 1)
[pid: 7378|app: 0|req: 2/4] 127.0.0.1 () {38 vars in 697 bytes} [Thu May  3 12:20:55 2018] GET /static/css/main.css => generated 93 bytes in 1034 msecs (HTTP/1.1 404) 2 headers in 80 bytes (1 switches on core 0)
[pid: 7378|app: 0|req: 2/5] 127.0.0.1 () {38 vars in 704 bytes} [Thu May  3 12:20:55 2018] GET /static/js/jquery-1.12.4.min.js => generated 104 bytes in 968 msecs (HTTP/1.1 404) 2 headers in 80 bytes (1 switches on core 1)
[pid: 7379|app: 0|req: 1/6] 127.0.0.1 () {38 vars in 717 bytes} [Thu May  3 12:20:55 2018] GET /static/images/logo02.png => generated 98 bytes in 996 msecs (HTTP/1.1 404) 2 headers in 80 bytes (1 switches on core 0)
[pid: 7379|app: 0|req: 2/7] 127.0.0.1 () {38 vars in 666 bytes} [Thu May  3 12:20:56 2018] GET /favicon.ico => generated 85 bytes in 3 msecs (HTTP/1.1 404) 2 headers in 80 bytes (1 switches on core 1)
使用缓存
[pid: 7376|app: 0|req: 4/8] 127.0.0.1 () {38 vars in 709 bytes} [Thu May  3 12:21:58 2018] GET /index => generated 18342 bytes in 299 msecs (HTTP/1.1 200) 3 headers in 102 bytes (1 switches on core 0)
[pid: 7376|app: 0|req: 5/9] 127.0.0.1 () {38 vars in 691 bytes} [Thu May  3 12:21:58 2018] GET /static/css/reset.css => generated 94 bytes in 2 msecs (HTTP/1.1 404) 2 headers in 80 bytes (1 switches on core 1)
[pid: 7379|app: 0|req: 3/10] 127.0.0.1 () {38 vars in 689 bytes} [Thu May  3 12:21:58 2018] GET /static/css/main.css => generated 93 bytes in 2 msecs (HTTP/1.1 404) 2 headers in 80 bytes (1 switches on core 1)
[pid: 7376|app: 0|req: 6/11] 127.0.0.1 () {38 vars in 688 bytes} [Thu May  3 12:21:58 2018] GET /static/js/jquery-ui.min.js => generated 100 bytes in 16 msecs (HTTP/1.1 404) 2 headers in 80 bytes (1 switches on core 1)
[pid: 7376|app: 0|req: 7/12] 127.0.0.1 () {38 vars in 705 bytes} [Thu May  3 12:21:58 2018] GET /static/images/logo.png => generated 96 bytes in 3 msecs (HTTP/1.1 404) 2 headers in 80 bytes (1 switches on core 0)
[pid: 7377|app: 0|req: 2/13] 127.0.0.1 () {38 vars in 696 bytes} [Thu May  3 12:21:58 2018] GET /static/js/jquery-1.12.4.min.js => generated 104 bytes in 643 msecs (HTTP/1.1 404) 2 headers in 80 bytes (1 switches on core 0)
[pid: 7377|app: 0|req: 2/14] 127.0.0.1 () {38 vars in 672 bytes} [Thu May  3 12:21:58 2018] GET /static/js/slide.js => generated 92 bytes in 619 msecs (HTTP/1.1 404) 2 headers in 80 bytes (1 switches on core 1)
[pid: 7376|app: 0|req: 8/15] 127.0.0.1 () {38 vars in 705 bytes} [Thu May  3 12:21:59 2018] GET /static/images/logo.png => generated 96 bytes in 2 msecs (HTTP/1.1 404) 2 headers in 80 bytes (1 switches on core 1)
SIGINT/SIGQUIT received...killing workers...
gateway "uWSGI http 1" has been buried (pid: 7380)
worker 1 buried after 1 seconds
worker 2 buried after 1 seconds
worker 3 buried after 1 seconds
worker 4 buried after 1 seconds
goodbye to uWSGI.
*** Starting uWSGI 2.0.17 (64bit) on [Thu May  3 12:34:17 2018] ***
compiled with version: 5.4.0 20160609 on 03 May 2018 04:15:55
os: Linux-4.4.0-31-generic #50-Ubuntu SMP Wed Jul 13 00:07:12 UTC 2016
nodename: ubuntu
machine: x86_64
clock source: unix
pcre jit disabled
detected number of CPU cores: 1
current working directory: /home/python/Desktop/django/dailyfresh
writing pidfile to uwsgi.pid
detected binary path: /home/python/.virtualenvs/django_py3/bin/uwsgi
chdir() to /home/python/Desktop/django/dailyfresh
your processes number limit is 11807
your memory page size is 4096 bytes
detected max file descriptor number: 1048576
lock engine: pthread robust mutexes
thunder lock: disabled (you can enable it with --thunder-lock)
uWSGI http bound on 127.0.0.1:8080 fd 4
uwsgi socket 0 bound to TCP address 127.0.0.1:40198 (port auto-assigned) fd 3
Python version: 3.5.2 (default, Nov 23 2017, 16:37:01)  [GCC 5.4.0 20160609]
Set PythonHome to /home/python/.virtualenvs/django_py3
Python main interpreter initialized at 0x262f680
python threads support enabled
your server socket listen backlog is limited to 100 connections
your mercy for graceful operations on workers is 60 seconds
mapped 416880 bytes (407 KB) for 8 cores
*** Operational MODE: preforking+threaded ***
WSGI app 0 (mountpoint='') ready in 4 seconds on interpreter 0x262f680 pid: 7592 (default app)
*** uWSGI is running in multiple interpreter mode ***
spawned uWSGI master process (pid: 7592)
spawned uWSGI worker 1 (pid: 7599, cores: 2)
spawned uWSGI worker 2 (pid: 7600, cores: 2)
spawned uWSGI worker 3 (pid: 7601, cores: 2)
spawned uWSGI worker 4 (pid: 7602, cores: 2)
spawned uWSGI http 1 (pid: 7606)
没有缓存,从mysql数据库中读取
[pid: 7602|app: 0|req: 1/1] 127.0.0.1 () {40 vars in 740 bytes} [Thu May  3 12:34:21 2018] GET /index => generated 18342 bytes in 883 msecs (HTTP/1.1 200) 3 headers in 102 bytes (1 switches on core 0)
[pid: 7602|app: 0|req: 2/2] 127.0.0.1 () {40 vars in 722 bytes} [Thu May  3 12:34:22 2018] GET /static/css/reset.css => generated 94 bytes in 2 msecs (HTTP/1.1 404) 2 headers in 80 bytes (1 switches on core 1)
[pid: 7602|app: 0|req: 3/3] 127.0.0.1 () {40 vars in 736 bytes} [Thu May  3 12:34:22 2018] GET /static/images/logo.png => generated 96 bytes in 3 msecs (HTTP/1.1 404) 2 headers in 80 bytes (1 switches on core 1)
[pid: 7599|app: 0|req: 2/4] 127.0.0.1 () {40 vars in 703 bytes} [Thu May  3 12:34:22 2018] GET /static/js/slide.js => generated 92 bytes in 841 msecs (HTTP/1.1 404) 2 headers in 80 bytes (1 switches on core 1)
[pid: 7599|app: 0|req: 2/5] 127.0.0.1 () {40 vars in 727 bytes} [Thu May  3 12:34:22 2018] GET /static/js/jquery-1.12.4.min.js => generated 104 bytes in 868 msecs (HTTP/1.1 404) 2 headers in 80 bytes (1 switches on core 0)
[pid: 7600|app: 0|req: 2/6] 127.0.0.1 () {40 vars in 719 bytes} [Thu May  3 12:34:22 2018] GET /static/js/jquery-ui.min.js => generated 100 bytes in 874 msecs (HTTP/1.1 404) 2 headers in 80 bytes (1 switches on core 1)
[pid: 7600|app: 0|req: 2/7] 127.0.0.1 () {40 vars in 720 bytes} [Thu May  3 12:34:22 2018] GET /static/css/main.css => generated 93 bytes in 896 msecs (HTTP/1.1 404) 2 headers in 80 bytes (1 switches on core 0)
[pid: 7602|app: 0|req: 4/8] 127.0.0.1 () {40 vars in 736 bytes} [Thu May  3 12:34:23 2018] GET /static/images/logo.png => generated 96 bytes in 2 msecs (HTTP/1.1 404) 2 headers in 80 bytes (1 switches on core 0)
使用缓存
[pid: 7601|app: 0|req: 1/9] 127.0.0.1 () {40 vars in 740 bytes} [Thu May  3 12:34:29 2018] GET /index => generated 18342 bytes in 782 msecs (HTTP/1.1 200) 3 headers in 102 bytes (1 switches on core 0)
[pid: 7602|app: 0|req: 5/10] 127.0.0.1 () {40 vars in 722 bytes} [Thu May  3 12:34:30 2018] GET /static/css/reset.css => generated 94 bytes in 1 msecs (HTTP/1.1 404) 2 headers in 80 bytes (1 switches on core 1)
[pid: 7599|app: 0|req: 3/11] 127.0.0.1 () {40 vars in 720 bytes} [Thu May  3 12:34:30 2018] GET /static/css/main.css => generated 93 bytes in 1 msecs (HTTP/1.1 404) 2 headers in 80 bytes (1 switches on core 1)
[pid: 7601|app: 0|req: 2/12] 127.0.0.1 () {40 vars in 727 bytes} [Thu May  3 12:34:30 2018] GET /static/js/jquery-1.12.4.min.js => generated 104 bytes in 5 msecs (HTTP/1.1 404) 2 headers in 80 bytes (1 switches on core 1)
[pid: 7602|app: 0|req: 6/13] 127.0.0.1 () {40 vars in 719 bytes} [Thu May  3 12:34:30 2018] GET /static/js/jquery-ui.min.js => generated 100 bytes in 11 msecs (HTTP/1.1 404) 2 headers in 80 bytes (1 switches on core 0)
[pid: 7600|app: 0|req: 3/14] 127.0.0.1 () {40 vars in 703 bytes} [Thu May  3 12:34:30 2018] GET /static/js/slide.js => generated 92 bytes in 9 msecs (HTTP/1.1 404) 2 headers in 80 bytes (1 switches on core 1)
[pid: 7600|app: 0|req: 4/15] 127.0.0.1 () {40 vars in 736 bytes} [Thu May  3 12:34:30 2018] GET /static/images/logo.png => generated 96 bytes in 1 msecs (HTTP/1.1 404) 2 headers in 80 bytes (1 switches on core 0)
SIGINT/SIGQUIT received...killing workers...
gateway "uWSGI http 1" has been buried (pid: 7606)
worker 1 buried after 1 seconds
worker 2 buried after 1 seconds
worker 3 buried after 1 seconds
worker 4 buried after 1 seconds
goodbye to uWSGI.
*** Starting uWSGI 2.0.17 (64bit) on [Thu May  3 12:37:47 2018] ***
compiled with version: 5.4.0 20160609 on 03 May 2018 04:15:55
os: Linux-4.4.0-31-generic #50-Ubuntu SMP Wed Jul 13 00:07:12 UTC 2016
nodename: ubuntu
machine: x86_64
clock source: unix
pcre jit disabled
detected number of CPU cores: 1
current working directory: /home/python/Desktop/django/dailyfresh
writing pidfile to uwsgi.pid
detected binary path: /home/python/.virtualenvs/django_py3/bin/uwsgi
chdir() to /home/python/Desktop/django/dailyfresh
your processes number limit is 11807
your memory page size is 4096 bytes
detected max file descriptor number: 1048576
lock engine: pthread robust mutexes
thunder lock: disabled (you can enable it with --thunder-lock)
uwsgi socket 0 bound to TCP address 127.0.0.1:8080 fd 3
Python version: 3.5.2 (default, Nov 23 2017, 16:37:01)  [GCC 5.4.0 20160609]
Set PythonHome to /home/python/.virtualenvs/django_py3
Python main interpreter initialized at 0xa97580
python threads support enabled
your server socket listen backlog is limited to 100 connections
your mercy for graceful operations on workers is 60 seconds
mapped 416880 bytes (407 KB) for 8 cores
*** Operational MODE: preforking+threaded ***
WSGI app 0 (mountpoint='') ready in 1 seconds on interpreter 0xa97580 pid: 7653 (default app)
*** uWSGI is running in multiple interpreter mode ***
spawned uWSGI master process (pid: 7653)
spawned uWSGI worker 1 (pid: 7659, cores: 2)
spawned uWSGI worker 2 (pid: 7660, cores: 2)
spawned uWSGI worker 3 (pid: 7661, cores: 2)
spawned uWSGI worker 4 (pid: 7662, cores: 2)
invalid request block size: 21573 (max 4096)...skip
invalid request block size: 21573 (max 4096)...skip
invalid request block size: 21573 (max 4096)...skip
invalid request block size: 21573 (max 4096)...skip
invalid request block size: 21573 (max 4096)...skip
invalid request block size: 21573 (max 4096)...skip
invalid request block size: 21573 (max 4096)...skip
invalid request block size: 21573 (max 4096)...skip
invalid request block size: 21573 (max 4096)...skip
invalid request block size: 21573 (max 4096)...skip
invalid request block size: 21573 (max 4096)...skip
invalid request block size: 21573 (max 4096)...skip
invalid request block size: 21573 (max 4096)...skip
invalid request block size: 21573 (max 4096)...skip
invalid request block size: 21573 (max 4096)...skip
invalid request block size: 21573 (max 4096)...skip
invalid request block size: 21573 (max 4096)...skip
invalid request block size: 21573 (max 4096)...skip
invalid request block size: 21573 (max 4096)...skip
invalid request block size: 21573 (max 4096)...skip
invalid request block size: 21573 (max 4096)...skip
invalid request block size: 21573 (max 4096)...skip
invalid request block size: 21573 (max 4096)...skip
invalid request block size: 21573 (max 4096)...skip
invalid request block size: 21573 (max 4096)...skip
invalid request block size: 21573 (max 4096)...skip
invalid request block size: 21573 (max 4096)...skip
invalid request block size: 21573 (max 4096)...skip
invalid request block size: 21573 (max 4096)...skip
invalid request block size: 21573 (max 4096)...skip
invalid request block size: 21573 (max 4096)...skip
invalid request block size: 21573 (max 4096)...skip
invalid request block size: 21573 (max 4096)...skip
invalid request block size: 21573 (max 4096)...skip
invalid request block size: 21573 (max 4096)...skip
invalid request block size: 21573 (max 4096)...skip
invalid request block size: 21573 (max 4096)...skip
invalid request block size: 21573 (max 4096)...skip
invalid request block size: 21573 (max 4096)...skip
invalid request block size: 21573 (max 4096)...skip
invalid request block size: 21573 (max 4096)...skip
invalid request block size: 21573 (max 4096)...skip
invalid request block size: 21573 (max 4096)...skip
invalid request block size: 21573 (max 4096)...skip
invalid request block size: 21573 (max 4096)...skip
invalid request block size: 21573 (max 4096)...skip
invalid request block size: 21573 (max 4096)...skip
SIGINT/SIGQUIT received...killing workers...
worker 1 buried after 1 seconds
worker 2 buried after 1 seconds
worker 3 buried after 1 seconds
worker 4 buried after 1 seconds
goodbye to uWSGI.
*** Starting uWSGI 2.0.17 (64bit) on [Thu May  3 12:38:53 2018] ***
compiled with version: 5.4.0 20160609 on 03 May 2018 04:15:55
os: Linux-4.4.0-31-generic #50-Ubuntu SMP Wed Jul 13 00:07:12 UTC 2016
nodename: ubuntu
machine: x86_64
clock source: unix
pcre jit disabled
detected number of CPU cores: 1
current working directory: /home/python/Desktop/django/dailyfresh
writing pidfile to uwsgi.pid
detected binary path: /home/python/.virtualenvs/django_py3/bin/uwsgi
chdir() to /home/python/Desktop/django/dailyfresh
your processes number limit is 11807
your memory page size is 4096 bytes
detected max file descriptor number: 1048576
lock engine: pthread robust mutexes
thunder lock: disabled (you can enable it with --thunder-lock)
uwsgi socket 0 bound to TCP address 127.0.0.1:8080 fd 3
Python version: 3.5.2 (default, Nov 23 2017, 16:37:01)  [GCC 5.4.0 20160609]
Set PythonHome to /home/python/.virtualenvs/django_py3
Python main interpreter initialized at 0x75f580
python threads support enabled
your server socket listen backlog is limited to 100 connections
your mercy for graceful operations on workers is 60 seconds
mapped 416880 bytes (407 KB) for 8 cores
*** Operational MODE: preforking+threaded ***
WSGI app 0 (mountpoint='') ready in 1 seconds on interpreter 0x75f580 pid: 7687 (default app)
*** uWSGI is running in multiple interpreter mode ***
spawned uWSGI master process (pid: 7687)
spawned uWSGI worker 1 (pid: 7691, cores: 2)
spawned uWSGI worker 2 (pid: 7692, cores: 2)
spawned uWSGI worker 3 (pid: 7693, cores: 2)
spawned uWSGI worker 4 (pid: 7694, cores: 2)
invalid request block size: 21573 (max 4096)...skip
invalid request block size: 21573 (max 4096)...skip
invalid request block size: 21573 (max 4096)...skip
invalid request block size: 21573 (max 4096)...skip
invalid request block size: 21573 (max 4096)...skip
invalid request block size: 21573 (max 4096)...skip
invalid request block size: 21573 (max 4096)...skip
invalid request block size: 21573 (max 4096)...skip
invalid request block size: 21573 (max 4096)...skip
invalid request block size: 21573 (max 4096)...skip
invalid request block size: 21573 (max 4096)...skip
SIGINT/SIGQUIT received...killing workers...
worker 1 buried after 1 seconds
worker 2 buried after 1 seconds
worker 3 buried after 1 seconds
worker 4 buried after 1 seconds
goodbye to uWSGI.
*** Starting uWSGI 2.0.17 (64bit) on [Thu May  3 13:08:57 2018] ***
compiled with version: 5.4.0 20160609 on 03 May 2018 04:15:55
os: Linux-4.4.0-31-generic #50-Ubuntu SMP Wed Jul 13 00:07:12 UTC 2016
nodename: ubuntu
machine: x86_64
clock source: unix
pcre jit disabled
detected number of CPU cores: 1
current working directory: /home/python/Desktop/django/dailyfresh
writing pidfile to uwsgi.pid
detected binary path: /home/python/.virtualenvs/django_py3/bin/uwsgi
chdir() to /home/python/Desktop/django/dailyfresh
your processes number limit is 11807
your memory page size is 4096 bytes
detected max file descriptor number: 1048576
lock engine: pthread robust mutexes
thunder lock: disabled (you can enable it with --thunder-lock)
uwsgi socket 0 bound to TCP address 127.0.0.1:8080 fd 3
Python version: 3.5.2 (default, Nov 23 2017, 16:37:01)  [GCC 5.4.0 20160609]
Set PythonHome to /home/python/.virtualenvs/django_py3
Python main interpreter initialized at 0xed1580
python threads support enabled
your server socket listen backlog is limited to 100 connections
your mercy for graceful operations on workers is 60 seconds
mapped 416880 bytes (407 KB) for 8 cores
*** Operational MODE: preforking+threaded ***
WSGI app 0 (mountpoint='') ready in 1 seconds on interpreter 0xed1580 pid: 7978 (default app)
*** uWSGI is running in multiple interpreter mode ***
spawned uWSGI master process (pid: 7978)
spawned uWSGI worker 1 (pid: 7984, cores: 2)
spawned uWSGI worker 2 (pid: 7985, cores: 2)
spawned uWSGI worker 3 (pid: 7986, cores: 2)
spawned uWSGI worker 4 (pid: 7987, cores: 2)
invalid request block size: 21573 (max 4096)...skip
invalid request block size: 21573 (max 4096)...skip
invalid request block size: 21573 (max 4096)...skip
invalid request block size: 21573 (max 4096)...skip
没有缓存,从mysql数据库中读取
[pid: 7984|app: 0|req: 1/1] 127.0.0.1 () {40 vars in 743 bytes} [Thu May  3 13:11:52 2018] GET /index => generated 18342 bytes in 1094 msecs (HTTP/1.1 200) 3 headers in 102 bytes (1 switches on core 0)
[pid: 7984|app: 0|req: 2/2] 127.0.0.1 () {40 vars in 687 bytes} [Thu May  3 13:11:54 2018] GET /favicon.ico => generated 85 bytes in 7 msecs (HTTP/1.1 404) 2 headers in 80 bytes (1 switches on core 1)
[b'6', b'5', b'1', b'2', b'8']
[pid: 7987|app: 0|req: 1/3] 127.0.0.1 () {42 vars in 781 bytes} [Thu May  3 13:12:02 2018] GET /user/ => generated 6018 bytes in 663 msecs (HTTP/1.1 200) 3 headers in 102 bytes (1 switches on core 0)
使用缓存
[pid: 7987|app: 0|req: 2/4] 127.0.0.1 () {42 vars in 781 bytes} [Thu May  3 13:12:05 2018] GET /index => generated 18342 bytes in 346 msecs (HTTP/1.1 200) 3 headers in 102 bytes (1 switches on core 1)
[pid: 7984|app: 0|req: 3/5] 127.0.0.1 () {42 vars in 787 bytes} [Thu May  3 14:45:16 2018] GET /detail/1 => generated 11930 bytes in 134 msecs (HTTP/1.1 200) 4 headers in 224 bytes (1 switches on core 0)
没有缓存,从mysql数据库中读取
[pid: 7984|app: 0|req: 4/6] 127.0.0.1 () {42 vars in 784 bytes} [Thu May  3 14:45:21 2018] GET /index => generated 18342 bytes in 183 msecs (HTTP/1.1 200) 3 headers in 102 bytes (1 switches on core 1)
使用缓存
[pid: 7984|app: 0|req: 5/7] 127.0.0.1 () {44 vars in 815 bytes} [Thu May  3 15:01:18 2018] GET /index => generated 18342 bytes in 214 msecs (HTTP/1.1 200) 3 headers in 102 bytes (1 switches on core 0)
[pid: 7984|app: 0|req: 6/8] 127.0.0.1 () {44 vars in 825 bytes} [Thu May  3 15:03:03 2018] GET / => generated 74 bytes in 1 msecs (HTTP/1.1 404) 2 headers in 80 bytes (1 switches on core 1)
[pid: 7987|app: 0|req: 3/9] 127.0.0.1 () {42 vars in 764 bytes} [Thu May  3 15:03:11 2018] GET / => generated 74 bytes in 4 msecs (HTTP/1.1 404) 2 headers in 80 bytes (1 switches on core 0)
[pid: 7987|app: 0|req: 4/10] 127.0.0.1 () {42 vars in 764 bytes} [Thu May  3 15:03:25 2018] GET / => generated 74 bytes in 1 msecs (HTTP/1.1 404) 2 headers in 80 bytes (1 switches on core 1)
[pid: 7986|app: 0|req: 1/11] 127.0.0.1 () {42 vars in 764 bytes} [Thu May  3 15:03:27 2018] GET / => generated 74 bytes in 637 msecs (HTTP/1.1 404) 2 headers in 80 bytes (1 switches on core 0)
[pid: 7987|app: 0|req: 5/12] 127.0.0.1 () {42 vars in 764 bytes} [Thu May  3 15:03:30 2018] GET / => generated 74 bytes in 1 msecs (HTTP/1.1 404) 2 headers in 80 bytes (1 switches on core 1)
使用缓存
[pid: 7985|app: 0|req: 1/13] 127.0.0.1 () {40 vars in 743 bytes} [Thu May  3 15:03:34 2018] GET /index => generated 18342 bytes in 539 msecs (HTTP/1.1 200) 3 headers in 102 bytes (1 switches on core 0)
[pid: 7987|app: 0|req: 6/14] 127.0.0.1 () {40 vars in 733 bytes} [Thu May  3 15:03:46 2018] GET / => generated 74 bytes in 1 msecs (HTTP/1.1 404) 2 headers in 80 bytes (1 switches on core 1)
[pid: 7986|app: 0|req: 2/15] 127.0.0.1 () {42 vars in 764 bytes} [Thu May  3 15:04:55 2018] GET / => generated 74 bytes in 2 msecs (HTTP/1.1 404) 2 headers in 80 bytes (1 switches on core 1)
[pid: 7985|app: 0|req: 2/16] 127.0.0.1 () {42 vars in 764 bytes} [Thu May  3 15:09:30 2018] GET / => generated 74 bytes in 2 msecs (HTTP/1.1 404) 2 headers in 80 bytes (1 switches on core 1)
使用缓存
[pid: 7984|app: 0|req: 7/17] 127.0.0.1 () {40 vars in 743 bytes} [Thu May  3 15:09:34 2018] GET /index => generated 18342 bytes in 198 msecs (HTTP/1.1 200) 3 headers in 102 bytes (1 switches on core 0)
[pid: 7984|app: 0|req: 8/18] 127.0.0.1 () {40 vars in 733 bytes} [Thu May  3 15:16:46 2018] GET / => generated 74 bytes in 2 msecs (HTTP/1.1 404) 2 headers in 80 bytes (1 switches on core 1)
[pid: 7984|app: 0|req: 9/19] 127.0.0.1 () {42 vars in 764 bytes} [Thu May  3 15:16:49 2018] GET / => generated 74 bytes in 1 msecs (HTTP/1.1 404) 2 headers in 80 bytes (1 switches on core 0)
[pid: 7987|app: 0|req: 7/20] 127.0.0.1 () {42 vars in 764 bytes} [Thu May  3 15:16:50 2018] GET / => generated 74 bytes in 1 msecs (HTTP/1.1 404) 2 headers in 80 bytes (1 switches on core 0)
[pid: 7985|app: 0|req: 3/21] 127.0.0.1 () {42 vars in 764 bytes} [Thu May  3 15:16:50 2018] GET / => generated 74 bytes in 2 msecs (HTTP/1.1 404) 2 headers in 80 bytes (1 switches on core 0)
使用缓存
[pid: 7987|app: 0|req: 8/22] 127.0.0.1 () {40 vars in 743 bytes} [Thu May  3 15:18:06 2018] GET /index => generated 18342 bytes in 333 msecs (HTTP/1.1 200) 3 headers in 102 bytes (1 switches on core 1)
[pid: 7985|app: 0|req: 4/23] 127.0.0.1 () {42 vars in 787 bytes} [Thu May  3 15:19:15 2018] GET /detail/1 => generated 11930 bytes in 217 msecs (HTTP/1.1 200) 4 headers in 224 bytes (1 switches on core 1)
使用缓存
[pid: 7984|app: 0|req: 10/24] 127.0.0.1 () {42 vars in 797 bytes} [Thu May  3 15:19:47 2018] GET /index => generated 18342 bytes in 277 msecs (HTTP/1.1 200) 3 headers in 102 bytes (1 switches on core 0)
[pid: 7984|app: 0|req: 11/25] 127.0.0.1 () {42 vars in 782 bytes} [Thu May  3 15:23:20 2018] GET /detail/1 => generated 11930 bytes in 88 msecs (HTTP/1.1 200) 4 headers in 224 bytes (1 switches on core 1)
[pid: 7984|app: 0|req: 12/26] 127.0.0.1 () {42 vars in 831 bytes} [Thu May  3 15:39:56 2018] GET /user/pc-geetest/register?t=1525333196918 => generated 105 bytes in 2186 msecs (HTTP/1.1 200) 4 headers in 233 bytes (1 switches on core 0)
使用缓存
[pid: 7984|app: 0|req: 13/27] 127.0.0.1 () {44 vars in 817 bytes} [Thu May  3 15:40:12 2018] GET /index => generated 18342 bytes in 196 msecs (HTTP/1.1 200) 3 headers in 102 bytes (1 switches on core 1)
[pid: 7984|app: 0|req: 14/28] 127.0.0.1 () {50 vars in 968 bytes} [Thu May  3 15:40:23 2018] POST /order/place => generated 6410 bytes in 136 msecs (HTTP/1.1 200) 4 headers in 224 bytes (1 switches on core 0)
[pid: 7984|app: 0|req: 15/29] 127.0.0.1 () {42 vars in 803 bytes} [Thu May  3 15:40:33 2018] GET /user/orders/1 => generated 7000 bytes in 210 msecs (HTTP/1.1 200) 4 headers in 224 bytes (1 switches on core 1)
40004 None
40004 None
40004 None
40004 None
40004 None
40004 None
40004 None
40004 None
40004 None
40004 None
40004 None
40004 None
40004 None
40004 None
40004 None
40004 None
40004 None
40004 None
10000 WAIT_BUYER_PAY
10000 WAIT_BUYER_PAY
10000 WAIT_BUYER_PAY
10000 WAIT_BUYER_PAY
10000 WAIT_BUYER_PAY
10000 WAIT_BUYER_PAY
10000 WAIT_BUYER_PAY
10000 WAIT_BUYER_PAY
10000 WAIT_BUYER_PAY
10000 WAIT_BUYER_PAY
10000 WAIT_BUYER_PAY
10000 WAIT_BUYER_PAY
10000 WAIT_BUYER_PAY
10000 WAIT_BUYER_PAY
10000 WAIT_BUYER_PAY
10000 WAIT_BUYER_PAY
10000 WAIT_BUYER_PAY
10000 WAIT_BUYER_PAY
10000 WAIT_BUYER_PAY
10000 WAIT_BUYER_PAY
10000 WAIT_BUYER_PAY
10000 WAIT_BUYER_PAY
10000 WAIT_BUYER_PAY
10000 WAIT_BUYER_PAY
10000 WAIT_BUYER_PAY
10000 WAIT_BUYER_PAY
10000 WAIT_BUYER_PAY
10000 WAIT_BUYER_PAY
10000 WAIT_BUYER_PAY
10000 WAIT_BUYER_PAY
10000 WAIT_BUYER_PAY
10000 WAIT_BUYER_PAY
10000 WAIT_BUYER_PAY
10000 WAIT_BUYER_PAY
10000 WAIT_BUYER_PAY
10000 WAIT_BUYER_PAY
10000 WAIT_BUYER_PAY
10000 WAIT_BUYER_PAY
10000 WAIT_BUYER_PAY
10000 WAIT_BUYER_PAY
10000 WAIT_BUYER_PAY
10000 WAIT_BUYER_PAY
10000 WAIT_BUYER_PAY
10000 WAIT_BUYER_PAY
10000 WAIT_BUYER_PAY
10000 WAIT_BUYER_PAY
10000 WAIT_BUYER_PAY
10000 WAIT_BUYER_PAY
10000 WAIT_BUYER_PAY
10000 WAIT_BUYER_PAY
10000 WAIT_BUYER_PAY
10000 WAIT_BUYER_PAY
10000 WAIT_BUYER_PAY
10000 WAIT_BUYER_PAY
10000 WAIT_BUYER_PAY
10000 WAIT_BUYER_PAY
10000 WAIT_BUYER_PAY
10000 WAIT_BUYER_PAY
10000 WAIT_BUYER_PAY
10000 WAIT_BUYER_PAY
10000 WAIT_BUYER_PAY
10000 WAIT_BUYER_PAY
10000 WAIT_BUYER_PAY
10000 WAIT_BUYER_PAY
10000 WAIT_BUYER_PAY
10000 WAIT_BUYER_PAY
10000 WAIT_BUYER_PAY
10000 WAIT_BUYER_PAY
10000 WAIT_BUYER_PAY
10000 WAIT_BUYER_PAY
10000 WAIT_BUYER_PAY
10000 WAIT_BUYER_PAY
10000 WAIT_BUYER_PAY
10000 WAIT_BUYER_PAY
10000 WAIT_BUYER_PAY
10000 WAIT_BUYER_PAY
10000 WAIT_BUYER_PAY
10000 WAIT_BUYER_PAY
10000 WAIT_BUYER_PAY
10000 WAIT_BUYER_PAY
10000 WAIT_BUYER_PAY
10000 WAIT_BUYER_PAY
10000 WAIT_BUYER_PAY
10000 WAIT_BUYER_PAY
10000 WAIT_BUYER_PAY
10000 WAIT_BUYER_PAY
10000 WAIT_BUYER_PAY
10000 WAIT_BUYER_PAY
10000 WAIT_BUYER_PAY
10000 WAIT_BUYER_PAY
10000 WAIT_BUYER_PAY
10000 WAIT_BUYER_PAY
10000 WAIT_BUYER_PAY
10000 WAIT_BUYER_PAY
10000 WAIT_BUYER_PAY
10000 WAIT_BUYER_PAY
10000 WAIT_BUYER_PAY
10000 WAIT_BUYER_PAY
10000 WAIT_BUYER_PAY
10000 WAIT_BUYER_PAY
10000 WAIT_BUYER_PAY
10000 WAIT_BUYER_PAY
10000 WAIT_BUYER_PAY
10000 WAIT_BUYER_PAY
10000 WAIT_BUYER_PAY
10000 WAIT_BUYER_PAY
10000 WAIT_BUYER_PAY
10000 WAIT_BUYER_PAY
10000 WAIT_BUYER_PAY
10000 WAIT_BUYER_PAY
10000 WAIT_BUYER_PAY
10000 WAIT_BUYER_PAY
10000 WAIT_BUYER_PAY
10000 WAIT_BUYER_PAY
10000 WAIT_BUYER_PAY
10000 WAIT_BUYER_PAY
10000 WAIT_BUYER_PAY
10000 WAIT_BUYER_PAY
10000 WAIT_BUYER_PAY
10000 WAIT_BUYER_PAY
10000 WAIT_BUYER_PAY
10000 WAIT_BUYER_PAY
10000 WAIT_BUYER_PAY
10000 WAIT_BUYER_PAY
10000 WAIT_BUYER_PAY
10000 WAIT_BUYER_PAY
10000 WAIT_BUYER_PAY
10000 WAIT_BUYER_PAY
10000 WAIT_BUYER_PAY
10000 WAIT_BUYER_PAY
10000 WAIT_BUYER_PAY
10000 WAIT_BUYER_PAY
10000 WAIT_BUYER_PAY
10000 WAIT_BUYER_PAY
10000 WAIT_BUYER_PAY
10000 WAIT_BUYER_PAY
10000 WAIT_BUYER_PAY
10000 WAIT_BUYER_PAY
10000 WAIT_BUYER_PAY
10000 WAIT_BUYER_PAY
10000 WAIT_BUYER_PAY
10000 WAIT_BUYER_PAY
10000 WAIT_BUYER_PAY
10000 WAIT_BUYER_PAY
10000 WAIT_BUYER_PAY
10000 WAIT_BUYER_PAY
10000 WAIT_BUYER_PAY
10000 WAIT_BUYER_PAY
10000 WAIT_BUYER_PAY
10000 WAIT_BUYER_PAY
10000 WAIT_BUYER_PAY
10000 WAIT_BUYER_PAY
10000 WAIT_BUYER_PAY
10000 WAIT_BUYER_PAY
10000 WAIT_BUYER_PAY
10000 WAIT_BUYER_PAY
10000 WAIT_BUYER_PAY
10000 WAIT_BUYER_PAY
10000 WAIT_BUYER_PAY
10000 WAIT_BUYER_PAY
10000 WAIT_BUYER_PAY
10000 WAIT_BUYER_PAY
10000 WAIT_BUYER_PAY
10000 WAIT_BUYER_PAY
10000 WAIT_BUYER_PAY
10000 WAIT_BUYER_PAY
10000 WAIT_BUYER_PAY
10000 WAIT_BUYER_PAY
10000 WAIT_BUYER_PAY
10000 WAIT_BUYER_PAY
10000 WAIT_BUYER_PAY
10000 WAIT_BUYER_PAY
10000 WAIT_BUYER_PAY
10000 WAIT_BUYER_PAY
10000 WAIT_BUYER_PAY
10000 WAIT_BUYER_PAY
10000 WAIT_BUYER_PAY
10000 WAIT_BUYER_PAY
10000 WAIT_BUYER_PAY
10000 WAIT_BUYER_PAY
10000 WAIT_BUYER_PAY
10000 WAIT_BUYER_PAY
10000 WAIT_BUYER_PAY
10000 WAIT_BUYER_PAY
10000 WAIT_BUYER_PAY
10000 WAIT_BUYER_PAY
10000 WAIT_BUYER_PAY
10000 WAIT_BUYER_PAY
10000 WAIT_BUYER_PAY
10000 WAIT_BUYER_PAY
10000 WAIT_BUYER_PAY
10000 WAIT_BUYER_PAY
10000 WAIT_BUYER_PAY
10000 WAIT_BUYER_PAY
10000 WAIT_BUYER_PAY
10000 WAIT_BUYER_PAY
10000 WAIT_BUYER_PAY
10000 WAIT_BUYER_PAY
10000 WAIT_BUYER_PAY
10000 WAIT_BUYER_PAY
10000 WAIT_BUYER_PAY
10000 WAIT_BUYER_PAY
10000 WAIT_BUYER_PAY
10000 WAIT_BUYER_PAY
10000 WAIT_BUYER_PAY
10000 WAIT_BUYER_PAY
10000 WAIT_BUYER_PAY
10000 WAIT_BUYER_PAY
10000 WAIT_BUYER_PAY
10000 WAIT_BUYER_PAY
10000 WAIT_BUYER_PAY
10000 WAIT_BUYER_PAY
10000 WAIT_BUYER_PAY
10000 WAIT_BUYER_PAY
10000 WAIT_BUYER_PAY
10000 WAIT_BUYER_PAY
10000 WAIT_BUYER_PAY
10000 WAIT_BUYER_PAY
10000 WAIT_BUYER_PAY
10000 WAIT_BUYER_PAY
10000 WAIT_BUYER_PAY
10000 WAIT_BUYER_PAY
10000 WAIT_BUYER_PAY
10000 WAIT_BUYER_PAY
10000 WAIT_BUYER_PAY
10000 WAIT_BUYER_PAY
10000 WAIT_BUYER_PAY
10000 WAIT_BUYER_PAY
10000 WAIT_BUYER_PAY
10000 WAIT_BUYER_PAY
10000 WAIT_BUYER_PAY
10000 WAIT_BUYER_PAY
10000 WAIT_BUYER_PAY
10000 WAIT_BUYER_PAY
10000 WAIT_BUYER_PAY
10000 WAIT_BUYER_PAY
10000 WAIT_BUYER_PAY
10000 WAIT_BUYER_PAY
10000 WAIT_BUYER_PAY
10000 WAIT_BUYER_PAY
10000 WAIT_BUYER_PAY
10000 WAIT_BUYER_PAY
10000 WAIT_BUYER_PAY
10000 WAIT_BUYER_PAY
10000 WAIT_BUYER_PAY
10000 WAIT_BUYER_PAY
10000 WAIT_BUYER_PAY
10000 WAIT_BUYER_PAY
10000 WAIT_BUYER_PAY
10000 WAIT_BUYER_PAY
10000 WAIT_BUYER_PAY
10000 WAIT_BUYER_PAY
10000 WAIT_BUYER_PAY
10000 WAIT_BUYER_PAY
10000 WAIT_BUYER_PAY
10000 WAIT_BUYER_PAY
10000 WAIT_BUYER_PAY
10000 WAIT_BUYER_PAY
10000 WAIT_BUYER_PAY
10000 WAIT_BUYER_PAY
10000 WAIT_BUYER_PAY
10000 WAIT_BUYER_PAY
10000 WAIT_BUYER_PAY
10000 WAIT_BUYER_PAY
10000 WAIT_BUYER_PAY
10000 WAIT_BUYER_PAY
10000 WAIT_BUYER_PAY
10000 WAIT_BUYER_PAY
10000 WAIT_BUYER_PAY
10000 WAIT_BUYER_PAY
10000 WAIT_BUYER_PAY
10000 WAIT_BUYER_PAY
10000 WAIT_BUYER_PAY
10000 WAIT_BUYER_PAY
10000 WAIT_BUYER_PAY
10000 WAIT_BUYER_PAY
10000 WAIT_BUYER_PAY
10000 WAIT_BUYER_PAY
10000 WAIT_BUYER_PAY
10000 WAIT_BUYER_PAY
10000 WAIT_BUYER_PAY
10000 WAIT_BUYER_PAY
10000 WAIT_BUYER_PAY
10000 WAIT_BUYER_PAY
10000 WAIT_BUYER_PAY
10000 WAIT_BUYER_PAY
10000 WAIT_BUYER_PAY
10000 WAIT_BUYER_PAY
10000 WAIT_BUYER_PAY
10000 WAIT_BUYER_PAY
10000 WAIT_BUYER_PAY
10000 WAIT_BUYER_PAY
10000 WAIT_BUYER_PAY
10000 WAIT_BUYER_PAY
10000 WAIT_BUYER_PAY
10000 WAIT_BUYER_PAY
10000 WAIT_BUYER_PAY
10000 WAIT_BUYER_PAY
10000 WAIT_BUYER_PAY
10000 WAIT_BUYER_PAY
10000 WAIT_BUYER_PAY
10000 WAIT_BUYER_PAY
10000 WAIT_BUYER_PAY
10000 WAIT_BUYER_PAY
10000 WAIT_BUYER_PAY
10000 WAIT_BUYER_PAY
10000 WAIT_BUYER_PAY
10000 WAIT_BUYER_PAY
10000 WAIT_BUYER_PAY
10000 WAIT_BUYER_PAY
10000 WAIT_BUYER_PAY
10000 WAIT_BUYER_PAY
10000 WAIT_BUYER_PAY
10000 WAIT_BUYER_PAY
10000 WAIT_BUYER_PAY
10000 WAIT_BUYER_PAY
10000 WAIT_BUYER_PAY
10000 WAIT_BUYER_PAY
10000 WAIT_BUYER_PAY
10000 WAIT_BUYER_PAY
10000 WAIT_BUYER_PAY
10000 WAIT_BUYER_PAY
10000 WAIT_BUYER_PAY
10000 WAIT_BUYER_PAY
10000 WAIT_BUYER_PAY
10000 WAIT_BUYER_PAY
10000 WAIT_BUYER_PAY
10000 WAIT_BUYER_PAY
10000 WAIT_BUYER_PAY
10000 WAIT_BUYER_PAY
10000 WAIT_BUYER_PAY
10000 WAIT_BUYER_PAY
10000 WAIT_BUYER_PAY
10000 WAIT_BUYER_PAY
10000 WAIT_BUYER_PAY
10000 WAIT_BUYER_PAY
10000 WAIT_BUYER_PAY
10000 WAIT_BUYER_PAY
10000 WAIT_BUYER_PAY
10000 WAIT_BUYER_PAY
10000 WAIT_BUYER_PAY
10000 WAIT_BUYER_PAY
10000 WAIT_BUYER_PAY
10000 WAIT_BUYER_PAY
10000 WAIT_BUYER_PAY
10000 WAIT_BUYER_PAY
10000 WAIT_BUYER_PAY
10000 WAIT_BUYER_PAY
10000 WAIT_BUYER_PAY
10000 WAIT_BUYER_PAY
10000 WAIT_BUYER_PAY
10000 WAIT_BUYER_PAY
10000 WAIT_BUYER_PAY
10000 WAIT_BUYER_PAY
10000 WAIT_BUYER_PAY
10000 WAIT_BUYER_PAY
10000 WAIT_BUYER_PAY
10000 WAIT_BUYER_PAY
10000 WAIT_BUYER_PAY
10000 WAIT_BUYER_PAY
10000 WAIT_BUYER_PAY
10000 WAIT_BUYER_PAY
10000 WAIT_BUYER_PAY
10000 WAIT_BUYER_PAY
10000 WAIT_BUYER_PAY
10000 WAIT_BUYER_PAY
10000 WAIT_BUYER_PAY
10000 WAIT_BUYER_PAY
10000 WAIT_BUYER_PAY
10000 WAIT_BUYER_PAY
10000 WAIT_BUYER_PAY
10000 WAIT_BUYER_PAY
10000 WAIT_BUYER_PAY
10000 WAIT_BUYER_PAY
10000 WAIT_BUYER_PAY
10000 WAIT_BUYER_PAY
10000 WAIT_BUYER_PAY
10000 WAIT_BUYER_PAY
10000 WAIT_BUYER_PAY
10000 WAIT_BUYER_PAY
10000 WAIT_BUYER_PAY
10000 WAIT_BUYER_PAY
10000 WAIT_BUYER_PAY
10000 WAIT_BUYER_PAY
10000 WAIT_BUYER_PAY
10000 WAIT_BUYER_PAY
10000 WAIT_BUYER_PAY
10000 WAIT_BUYER_PAY
10000 WAIT_BUYER_PAY
10000 WAIT_BUYER_PAY
10000 WAIT_BUYER_PAY
10000 WAIT_BUYER_PAY
10000 WAIT_BUYER_PAY
10000 WAIT_BUYER_PAY
10000 WAIT_BUYER_PAY
10000 WAIT_BUYER_PAY
10000 WAIT_BUYER_PAY
10000 WAIT_BUYER_PAY
10000 WAIT_BUYER_PAY
10000 WAIT_BUYER_PAY
10000 WAIT_BUYER_PAY
10000 WAIT_BUYER_PAY
10000 WAIT_BUYER_PAY
10000 WAIT_BUYER_PAY
10000 WAIT_BUYER_PAY
10000 WAIT_BUYER_PAY
10000 WAIT_BUYER_PAY
10000 WAIT_BUYER_PAY
10000 WAIT_BUYER_PAY
10000 WAIT_BUYER_PAY
10000 WAIT_BUYER_PAY
10000 WAIT_BUYER_PAY
10000 WAIT_BUYER_PAY
10000 WAIT_BUYER_PAY
10000 WAIT_BUYER_PAY
10000 WAIT_BUYER_PAY
10000 WAIT_BUYER_PAY
10000 WAIT_BUYER_PAY
10000 WAIT_BUYER_PAY
10000 WAIT_BUYER_PAY
10000 WAIT_BUYER_PAY
10000 WAIT_BUYER_PAY
10000 WAIT_BUYER_PAY
10000 WAIT_BUYER_PAY
10000 WAIT_BUYER_PAY
10000 WAIT_BUYER_PAY
10000 WAIT_BUYER_PAY
10000 WAIT_BUYER_PAY
10000 WAIT_BUYER_PAY
10000 WAIT_BUYER_PAY
10000 WAIT_BUYER_PAY
10000 WAIT_BUYER_PAY
10000 WAIT_BUYER_PAY
10000 WAIT_BUYER_PAY
10000 WAIT_BUYER_PAY
10000 WAIT_BUYER_PAY
10000 WAIT_BUYER_PAY
10000 WAIT_BUYER_PAY
10000 WAIT_BUYER_PAY
10000 WAIT_BUYER_PAY
10000 WAIT_BUYER_PAY
10000 WAIT_BUYER_PAY
10000 WAIT_BUYER_PAY
10000 WAIT_BUYER_PAY
10000 WAIT_BUYER_PAY
10000 WAIT_BUYER_PAY
10000 WAIT_BUYER_PAY
10000 WAIT_BUYER_PAY
10000 WAIT_BUYER_PAY
10000 WAIT_BUYER_PAY
10000 WAIT_BUYER_PAY
10000 WAIT_BUYER_PAY
10000 WAIT_BUYER_PAY
10000 WAIT_BUYER_PAY
10000 WAIT_BUYER_PAY
10000 WAIT_BUYER_PAY
10000 WAIT_BUYER_PAY
10000 WAIT_BUYER_PAY
10000 WAIT_BUYER_PAY
10000 WAIT_BUYER_PAY
10000 WAIT_BUYER_PAY
10000 WAIT_BUYER_PAY
10000 WAIT_BUYER_PAY
10000 WAIT_BUYER_PAY
10000 WAIT_BUYER_PAY
10000 WAIT_BUYER_PAY
10000 WAIT_BUYER_PAY
10000 WAIT_BUYER_PAY
10000 WAIT_BUYER_PAY
10000 WAIT_BUYER_PAY
10000 WAIT_BUYER_PAY
10000 WAIT_BUYER_PAY
10000 WAIT_BUYER_PAY
10000 WAIT_BUYER_PAY
10000 WAIT_BUYER_PAY
10000 WAIT_BUYER_PAY
10000 WAIT_BUYER_PAY
10000 WAIT_BUYER_PAY
10000 WAIT_BUYER_PAY
10000 WAIT_BUYER_PAY
10000 WAIT_BUYER_PAY
10000 WAIT_BUYER_PAY
10000 WAIT_BUYER_PAY
10000 WAIT_BUYER_PAY
10000 WAIT_BUYER_PAY
10000 WAIT_BUYER_PAY
10000 WAIT_BUYER_PAY
10000 WAIT_BUYER_PAY
10000 WAIT_BUYER_PAY
10000 WAIT_BUYER_PAY
10000 WAIT_BUYER_PAY
10000 WAIT_BUYER_PAY
10000 WAIT_BUYER_PAY
10000 WAIT_BUYER_PAY
10000 WAIT_BUYER_PAY
10000 WAIT_BUYER_PAY
10000 WAIT_BUYER_PAY
10000 WAIT_BUYER_PAY
10000 WAIT_BUYER_PAY
10000 WAIT_BUYER_PAY
10000 WAIT_BUYER_PAY
10000 WAIT_BUYER_PAY
10000 WAIT_BUYER_PAY
10000 WAIT_BUYER_PAY
10000 WAIT_BUYER_PAY
10000 WAIT_BUYER_PAY
10000 WAIT_BUYER_PAY
10000 WAIT_BUYER_PAY
10000 WAIT_BUYER_PAY
10000 WAIT_BUYER_PAY
10000 WAIT_BUYER_PAY
10000 WAIT_BUYER_PAY
10000 WAIT_BUYER_PAY
10000 WAIT_BUYER_PAY
10000 WAIT_BUYER_PAY
10000 WAIT_BUYER_PAY
10000 WAIT_BUYER_PAY
10000 WAIT_BUYER_PAY
10000 WAIT_BUYER_PAY
10000 WAIT_BUYER_PAY
10000 WAIT_BUYER_PAY
10000 WAIT_BUYER_PAY
10000 WAIT_BUYER_PAY
10000 WAIT_BUYER_PAY
10000 WAIT_BUYER_PAY
10000 WAIT_BUYER_PAY
10000 WAIT_BUYER_PAY
10000 WAIT_BUYER_PAY
10000 WAIT_BUYER_PAY
10000 WAIT_BUYER_PAY
10000 WAIT_BUYER_PAY
10000 WAIT_BUYER_PAY
10000 WAIT_BUYER_PAY
10000 WAIT_BUYER_PAY
10000 WAIT_BUYER_PAY
10000 WAIT_BUYER_PAY
10000 WAIT_BUYER_PAY
10000 WAIT_BUYER_PAY
10000 WAIT_BUYER_PAY
10000 WAIT_BUYER_PAY
10000 WAIT_BUYER_PAY
10000 WAIT_BUYER_PAY
10000 WAIT_BUYER_PAY
10000 WAIT_BUYER_PAY
10000 WAIT_BUYER_PAY
10000 WAIT_BUYER_PAY
10000 WAIT_BUYER_PAY
10000 WAIT_BUYER_PAY
10000 WAIT_BUYER_PAY
10000 WAIT_BUYER_PAY
10000 WAIT_BUYER_PAY
10000 WAIT_BUYER_PAY
10000 WAIT_BUYER_PAY
10000 WAIT_BUYER_PAY
10000 WAIT_BUYER_PAY
10000 WAIT_BUYER_PAY
10000 WAIT_BUYER_PAY
10000 WAIT_BUYER_PAY
10000 WAIT_BUYER_PAY
10000 WAIT_BUYER_PAY
10000 WAIT_BUYER_PAY
10000 WAIT_BUYER_PAY
10000 WAIT_BUYER_PAY
10000 WAIT_BUYER_PAY
10000 WAIT_BUYER_PAY
10000 WAIT_BUYER_PAY
10000 WAIT_BUYER_PAY
10000 WAIT_BUYER_PAY
10000 WAIT_BUYER_PAY
10000 WAIT_BUYER_PAY
10000 WAIT_BUYER_PAY
10000 WAIT_BUYER_PAY
10000 WAIT_BUYER_PAY
10000 WAIT_BUYER_PAY
10000 WAIT_BUYER_PAY
10000 WAIT_BUYER_PAY
10000 WAIT_BUYER_PAY
10000 WAIT_BUYER_PAY
10000 WAIT_BUYER_PAY
10000 WAIT_BUYER_PAY
10000 WAIT_BUYER_PAY
10000 WAIT_BUYER_PAY
10000 WAIT_BUYER_PAY
10000 WAIT_BUYER_PAY
10000 WAIT_BUYER_PAY
10000 WAIT_BUYER_PAY
10000 WAIT_BUYER_PAY
10000 WAIT_BUYER_PAY
10000 WAIT_BUYER_PAY
10000 WAIT_BUYER_PAY
10000 WAIT_BUYER_PAY
10000 WAIT_BUYER_PAY
10000 WAIT_BUYER_PAY
10000 WAIT_BUYER_PAY
10000 WAIT_BUYER_PAY
10000 WAIT_BUYER_PAY
10000 WAIT_BUYER_PAY
10000 WAIT_BUYER_PAY
10000 WAIT_BUYER_PAY
10000 WAIT_BUYER_PAY
10000 WAIT_BUYER_PAY
10000 WAIT_BUYER_PAY
10000 WAIT_BUYER_PAY
10000 WAIT_BUYER_PAY
10000 WAIT_BUYER_PAY
10000 WAIT_BUYER_PAY
10000 WAIT_BUYER_PAY
10000 WAIT_BUYER_PAY
10000 WAIT_BUYER_PAY
10000 WAIT_BUYER_PAY
10000 WAIT_BUYER_PAY
10000 WAIT_BUYER_PAY
10000 WAIT_BUYER_PAY
10000 WAIT_BUYER_PAY
10000 WAIT_BUYER_PAY
10000 WAIT_BUYER_PAY
10000 WAIT_BUYER_PAY
10000 WAIT_BUYER_PAY
10000 WAIT_BUYER_PAY
10000 WAIT_BUYER_PAY
10000 WAIT_BUYER_PAY
10000 WAIT_BUYER_PAY
10000 WAIT_BUYER_PAY
10000 WAIT_BUYER_PAY
10000 WAIT_BUYER_PAY
10000 WAIT_BUYER_PAY
10000 WAIT_BUYER_PAY
10000 WAIT_BUYER_PAY
10000 WAIT_BUYER_PAY
10000 WAIT_BUYER_PAY
10000 WAIT_BUYER_PAY
10000 WAIT_BUYER_PAY
10000 WAIT_BUYER_PAY
10000 WAIT_BUYER_PAY
10000 WAIT_BUYER_PAY
10000 WAIT_BUYER_PAY
10000 WAIT_BUYER_PAY
10000 WAIT_BUYER_PAY
10000 WAIT_BUYER_PAY
10000 WAIT_BUYER_PAY
10000 WAIT_BUYER_PAY
10000 WAIT_BUYER_PAY
10000 WAIT_BUYER_PAY
10000 WAIT_BUYER_PAY
10000 WAIT_BUYER_PAY
10000 WAIT_BUYER_PAY
10000 WAIT_BUYER_PAY
10000 WAIT_BUYER_PAY
10000 WAIT_BUYER_PAY
10000 WAIT_BUYER_PAY
10000 WAIT_BUYER_PAY
10000 WAIT_BUYER_PAY
10000 WAIT_BUYER_PAY
10000 WAIT_BUYER_PAY
10000 WAIT_BUYER_PAY
10000 WAIT_BUYER_PAY
10000 WAIT_BUYER_PAY
10000 WAIT_BUYER_PAY
10000 WAIT_BUYER_PAY
10000 WAIT_BUYER_PAY
10000 WAIT_BUYER_PAY
10000 WAIT_BUYER_PAY
10000 WAIT_BUYER_PAY
10000 WAIT_BUYER_PAY
10000 WAIT_BUYER_PAY
10000 WAIT_BUYER_PAY
10000 WAIT_BUYER_PAY
10000 WAIT_BUYER_PAY
10000 WAIT_BUYER_PAY
10000 WAIT_BUYER_PAY
10000 WAIT_BUYER_PAY
10000 WAIT_BUYER_PAY
10000 WAIT_BUYER_PAY
10000 WAIT_BUYER_PAY
10000 WAIT_BUYER_PAY
10000 WAIT_BUYER_PAY
10000 WAIT_BUYER_PAY
10000 WAIT_BUYER_PAY
10000 WAIT_BUYER_PAY
10000 WAIT_BUYER_PAY
10000 WAIT_BUYER_PAY
10000 WAIT_BUYER_PAY
10000 WAIT_BUYER_PAY
10000 WAIT_BUYER_PAY
10000 WAIT_BUYER_PAY
10000 WAIT_BUYER_PAY
10000 WAIT_BUYER_PAY
10000 WAIT_BUYER_PAY
10000 WAIT_BUYER_PAY
10000 WAIT_BUYER_PAY
10000 WAIT_BUYER_PAY
10000 WAIT_BUYER_PAY
10000 WAIT_BUYER_PAY
10000 WAIT_BUYER_PAY
10000 WAIT_BUYER_PAY
10000 WAIT_BUYER_PAY
10000 WAIT_BUYER_PAY
10000 WAIT_BUYER_PAY
10000 WAIT_BUYER_PAY
10000 WAIT_BUYER_PAY
10000 WAIT_BUYER_PAY
10000 WAIT_BUYER_PAY
10000 WAIT_BUYER_PAY
10000 WAIT_BUYER_PAY
10000 WAIT_BUYER_PAY
10000 WAIT_BUYER_PAY
10000 WAIT_BUYER_PAY
10000 WAIT_BUYER_PAY
10000 WAIT_BUYER_PAY
10000 WAIT_BUYER_PAY
10000 WAIT_BUYER_PAY
10000 WAIT_BUYER_PAY
10000 WAIT_BUYER_PAY
10000 WAIT_BUYER_PAY
10000 WAIT_BUYER_PAY
10000 WAIT_BUYER_PAY
10000 WAIT_BUYER_PAY
10000 WAIT_BUYER_PAY
10000 WAIT_BUYER_PAY
10000 WAIT_BUYER_PAY
10000 WAIT_BUYER_PAY
10000 WAIT_BUYER_PAY
10000 WAIT_BUYER_PAY
10000 WAIT_BUYER_PAY
10000 WAIT_BUYER_PAY
10000 WAIT_BUYER_PAY
10000 WAIT_BUYER_PAY
10000 WAIT_BUYER_PAY
10000 WAIT_BUYER_PAY
10000 WAIT_BUYER_PAY
10000 WAIT_BUYER_PAY
10000 WAIT_BUYER_PAY
10000 WAIT_BUYER_PAY
10000 WAIT_BUYER_PAY
10000 WAIT_BUYER_PAY
10000 WAIT_BUYER_PAY
10000 WAIT_BUYER_PAY
10000 WAIT_BUYER_PAY
10000 WAIT_BUYER_PAY
10000 WAIT_BUYER_PAY
10000 WAIT_BUYER_PAY
10000 WAIT_BUYER_PAY
10000 WAIT_BUYER_PAY
10000 WAIT_BUYER_PAY
10000 WAIT_BUYER_PAY
10000 WAIT_BUYER_PAY
10000 WAIT_BUYER_PAY
10000 WAIT_BUYER_PAY
10000 WAIT_BUYER_PAY
10000 WAIT_BUYER_PAY
10000 WAIT_BUYER_PAY
10000 WAIT_BUYER_PAY
10000 WAIT_BUYER_PAY
10000 WAIT_BUYER_PAY
10000 WAIT_BUYER_PAY
10000 WAIT_BUYER_PAY
10000 WAIT_BUYER_PAY
10000 WAIT_BUYER_PAY
10000 WAIT_BUYER_PAY
10000 WAIT_BUYER_PAY
10000 WAIT_BUYER_PAY
10000 WAIT_BUYER_PAY
10000 WAIT_BUYER_PAY
10000 WAIT_BUYER_PAY
10000 WAIT_BUYER_PAY
10000 WAIT_BUYER_PAY
10000 WAIT_BUYER_PAY
10000 WAIT_BUYER_PAY
10000 WAIT_BUYER_PAY
10000 WAIT_BUYER_PAY
10000 WAIT_BUYER_PAY
10000 WAIT_BUYER_PAY
10000 WAIT_BUYER_PAY
10000 WAIT_BUYER_PAY
10000 WAIT_BUYER_PAY
10000 WAIT_BUYER_PAY
10000 WAIT_BUYER_PAY
10000 WAIT_BUYER_PAY
10000 WAIT_BUYER_PAY
10000 WAIT_BUYER_PAY
10000 WAIT_BUYER_PAY
10000 WAIT_BUYER_PAY
10000 WAIT_BUYER_PAY
10000 WAIT_BUYER_PAY
10000 WAIT_BUYER_PAY
10000 WAIT_BUYER_PAY
10000 WAIT_BUYER_PAY
10000 WAIT_BUYER_PAY
10000 WAIT_BUYER_PAY
10000 WAIT_BUYER_PAY
10000 WAIT_BUYER_PAY
10000 WAIT_BUYER_PAY
10000 WAIT_BUYER_PAY
10000 WAIT_BUYER_PAY
10000 WAIT_BUYER_PAY
10000 WAIT_BUYER_PAY
10000 WAIT_BUYER_PAY
10000 WAIT_BUYER_PAY
10000 WAIT_BUYER_PAY
10000 WAIT_BUYER_PAY
10000 WAIT_BUYER_PAY
10000 WAIT_BUYER_PAY
10000 WAIT_BUYER_PAY
10000 WAIT_BUYER_PAY
10000 WAIT_BUYER_PAY
10000 WAIT_BUYER_PAY
10000 WAIT_BUYER_PAY
10000 WAIT_BUYER_PAY
10000 WAIT_BUYER_PAY
10000 WAIT_BUYER_PAY
10000 WAIT_BUYER_PAY
10000 WAIT_BUYER_PAY
10000 WAIT_BUYER_PAY
10000 WAIT_BUYER_PAY
10000 WAIT_BUYER_PAY
10000 WAIT_BUYER_PAY
10000 WAIT_BUYER_PAY
10000 WAIT_BUYER_PAY
10000 WAIT_BUYER_PAY
10000 WAIT_BUYER_PAY
10000 WAIT_BUYER_PAY
10000 WAIT_BUYER_PAY
10000 WAIT_BUYER_PAY
10000 WAIT_BUYER_PAY
10000 WAIT_BUYER_PAY
10000 WAIT_BUYER_PAY
10000 WAIT_BUYER_PAY
10000 WAIT_BUYER_PAY
10000 WAIT_BUYER_PAY
10000 WAIT_BUYER_PAY
10000 WAIT_BUYER_PAY
10000 WAIT_BUYER_PAY
10000 WAIT_BUYER_PAY
10000 WAIT_BUYER_PAY
10000 WAIT_BUYER_PAY
10000 WAIT_BUYER_PAY
10000 WAIT_BUYER_PAY
10000 WAIT_BUYER_PAY
10000 WAIT_BUYER_PAY
10000 WAIT_BUYER_PAY
10000 WAIT_BUYER_PAY
10000 WAIT_BUYER_PAY
10000 WAIT_BUYER_PAY
10000 WAIT_BUYER_PAY
10000 WAIT_BUYER_PAY
10000 WAIT_BUYER_PAY
10000 WAIT_BUYER_PAY
10000 WAIT_BUYER_PAY
10000 WAIT_BUYER_PAY
10000 WAIT_BUYER_PAY
10000 WAIT_BUYER_PAY
10000 WAIT_BUYER_PAY
10000 WAIT_BUYER_PAY
10000 WAIT_BUYER_PAY
10000 WAIT_BUYER_PAY
10000 WAIT_BUYER_PAY
10000 WAIT_BUYER_PAY
10000 WAIT_BUYER_PAY
10000 WAIT_BUYER_PAY
10000 WAIT_BUYER_PAY
10000 WAIT_BUYER_PAY
10000 WAIT_BUYER_PAY
10000 WAIT_BUYER_PAY
10000 WAIT_BUYER_PAY
10000 WAIT_BUYER_PAY
10000 WAIT_BUYER_PAY
10000 WAIT_BUYER_PAY
10000 WAIT_BUYER_PAY
10000 WAIT_BUYER_PAY
10000 WAIT_BUYER_PAY
10000 WAIT_BUYER_PAY
10000 WAIT_BUYER_PAY
10000 WAIT_BUYER_PAY
10000 WAIT_BUYER_PAY
10000 WAIT_BUYER_PAY
10000 WAIT_BUYER_PAY
10000 WAIT_BUYER_PAY
10000 WAIT_BUYER_PAY
10000 WAIT_BUYER_PAY
10000 WAIT_BUYER_PAY
10000 WAIT_BUYER_PAY
10000 WAIT_BUYER_PAY
10000 WAIT_BUYER_PAY
10000 WAIT_BUYER_PAY
10000 WAIT_BUYER_PAY
10000 WAIT_BUYER_PAY
10000 WAIT_BUYER_PAY
10000 WAIT_BUYER_PAY
10000 WAIT_BUYER_PAY
10000 WAIT_BUYER_PAY
10000 WAIT_BUYER_PAY
10000 WAIT_BUYER_PAY
10000 WAIT_BUYER_PAY
10000 WAIT_BUYER_PAY
10000 WAIT_BUYER_PAY
10000 WAIT_BUYER_PAY
10000 WAIT_BUYER_PAY
10000 WAIT_BUYER_PAY
10000 WAIT_BUYER_PAY
10000 WAIT_BUYER_PAY
10000 WAIT_BUYER_PAY
10000 WAIT_BUYER_PAY
10000 WAIT_BUYER_PAY
10000 WAIT_BUYER_PAY
10000 WAIT_BUYER_PAY
10000 WAIT_BUYER_PAY
10000 WAIT_BUYER_PAY
10000 WAIT_BUYER_PAY
10000 WAIT_BUYER_PAY
10000 WAIT_BUYER_PAY
10000 WAIT_BUYER_PAY
10000 WAIT_BUYER_PAY
10000 WAIT_BUYER_PAY
10000 WAIT_BUYER_PAY
10000 WAIT_BUYER_PAY
10000 WAIT_BUYER_PAY
10000 WAIT_BUYER_PAY
10000 WAIT_BUYER_PAY
10000 WAIT_BUYER_PAY
10000 WAIT_BUYER_PAY
10000 WAIT_BUYER_PAY
10000 WAIT_BUYER_PAY
10000 WAIT_BUYER_PAY
10000 WAIT_BUYER_PAY
10000 WAIT_BUYER_PAY
10000 WAIT_BUYER_PAY
10000 WAIT_BUYER_PAY
10000 WAIT_BUYER_PAY
10000 WAIT_BUYER_PAY
10000 WAIT_BUYER_PAY
10000 WAIT_BUYER_PAY
10000 WAIT_BUYER_PAY
10000 WAIT_BUYER_PAY
10000 WAIT_BUYER_PAY
10000 WAIT_BUYER_PAY
10000 WAIT_BUYER_PAY
10000 WAIT_BUYER_PAY
10000 WAIT_BUYER_PAY
10000 WAIT_BUYER_PAY
10000 WAIT_BUYER_PAY
10000 WAIT_BUYER_PAY
10000 WAIT_BUYER_PAY
10000 WAIT_BUYER_PAY
10000 WAIT_BUYER_PAY
10000 WAIT_BUYER_PAY
10000 WAIT_BUYER_PAY
10000 WAIT_BUYER_PAY
10000 WAIT_BUYER_PAY
10000 WAIT_BUYER_PAY
10000 WAIT_BUYER_PAY
10000 WAIT_BUYER_PAY
10000 WAIT_BUYER_PAY
10000 WAIT_BUYER_PAY
10000 WAIT_BUYER_PAY
10000 WAIT_BUYER_PAY
10000 WAIT_BUYER_PAY
10000 WAIT_BUYER_PAY
10000 WAIT_BUYER_PAY
10000 WAIT_BUYER_PAY
10000 WAIT_BUYER_PAY
10000 WAIT_BUYER_PAY
10000 WAIT_BUYER_PAY
10000 WAIT_BUYER_PAY
10000 WAIT_BUYER_PAY
10000 WAIT_BUYER_PAY
10000 WAIT_BUYER_PAY
10000 WAIT_BUYER_PAY
10000 WAIT_BUYER_PAY
10000 WAIT_BUYER_PAY
10000 WAIT_BUYER_PAY
10000 WAIT_BUYER_PAY
10000 WAIT_BUYER_PAY
10000 WAIT_BUYER_PAY
10000 WAIT_BUYER_PAY
10000 WAIT_BUYER_PAY
10000 WAIT_BUYER_PAY
10000 WAIT_BUYER_PAY
10000 WAIT_BUYER_PAY
10000 WAIT_BUYER_PAY
10000 WAIT_BUYER_PAY
10000 WAIT_BUYER_PAY
10000 WAIT_BUYER_PAY
10000 WAIT_BUYER_PAY
10000 WAIT_BUYER_PAY
10000 WAIT_BUYER_PAY
10000 WAIT_BUYER_PAY
10000 WAIT_BUYER_PAY
10000 WAIT_BUYER_PAY
10000 WAIT_BUYER_PAY
10000 WAIT_BUYER_PAY
10000 WAIT_BUYER_PAY
10000 WAIT_BUYER_PAY
10000 WAIT_BUYER_PAY
10000 WAIT_BUYER_PAY
10000 WAIT_BUYER_PAY
10000 WAIT_BUYER_PAY
10000 WAIT_BUYER_PAY
10000 WAIT_BUYER_PAY
10000 WAIT_BUYER_PAY
10000 WAIT_BUYER_PAY
10000 WAIT_BUYER_PAY
10000 WAIT_BUYER_PAY
10000 WAIT_BUYER_PAY
10000 WAIT_BUYER_PAY
10000 WAIT_BUYER_PAY
10000 WAIT_BUYER_PAY
10000 WAIT_BUYER_PAY
10000 WAIT_BUYER_PAY
10000 WAIT_BUYER_PAY
10000 WAIT_BUYER_PAY
10000 WAIT_BUYER_PAY
10000 WAIT_BUYER_PAY
10000 WAIT_BUYER_PAY
10000 WAIT_BUYER_PAY
10000 WAIT_BUYER_PAY
10000 WAIT_BUYER_PAY
10000 WAIT_BUYER_PAY
10000 WAIT_BUYER_PAY
10000 WAIT_BUYER_PAY
10000 WAIT_BUYER_PAY
10000 WAIT_BUYER_PAY
10000 WAIT_BUYER_PAY
10000 WAIT_BUYER_PAY
10000 WAIT_BUYER_PAY
10000 WAIT_BUYER_PAY
10000 WAIT_BUYER_PAY
10000 WAIT_BUYER_PAY
10000 WAIT_BUYER_PAY
10000 WAIT_BUYER_PAY
10000 WAIT_BUYER_PAY
10000 WAIT_BUYER_PAY
10000 WAIT_BUYER_PAY
10000 WAIT_BUYER_PAY
10000 WAIT_BUYER_PAY
10000 WAIT_BUYER_PAY
10000 WAIT_BUYER_PAY
10000 WAIT_BUYER_PAY
10000 WAIT_BUYER_PAY
10000 WAIT_BUYER_PAY
10000 WAIT_BUYER_PAY
10000 WAIT_BUYER_PAY
10000 WAIT_BUYER_PAY
10000 WAIT_BUYER_PAY
10000 WAIT_BUYER_PAY
10000 WAIT_BUYER_PAY
10000 WAIT_BUYER_PAY
10000 WAIT_BUYER_PAY
10000 WAIT_BUYER_PAY
10000 WAIT_BUYER_PAY
10000 WAIT_BUYER_PAY
10000 WAIT_BUYER_PAY
10000 WAIT_BUYER_PAY
10000 WAIT_BUYER_PAY
10000 WAIT_BUYER_PAY
10000 WAIT_BUYER_PAY
10000 WAIT_BUYER_PAY
10000 WAIT_BUYER_PAY
10000 WAIT_BUYER_PAY
10000 WAIT_BUYER_PAY
10000 WAIT_BUYER_PAY
10000 WAIT_BUYER_PAY
10000 WAIT_BUYER_PAY
10000 WAIT_BUYER_PAY
10000 WAIT_BUYER_PAY
10000 WAIT_BUYER_PAY
10000 WAIT_BUYER_PAY
10000 WAIT_BUYER_PAY
10000 WAIT_BUYER_PAY
10000 WAIT_BUYER_PAY
10000 WAIT_BUYER_PAY
10000 WAIT_BUYER_PAY
10000 WAIT_BUYER_PAY
10000 WAIT_BUYER_PAY
10000 WAIT_BUYER_PAY
10000 WAIT_BUYER_PAY
10000 WAIT_BUYER_PAY
10000 WAIT_BUYER_PAY
10000 WAIT_BUYER_PAY
10000 WAIT_BUYER_PAY
10000 WAIT_BUYER_PAY
10000 WAIT_BUYER_PAY
10000 WAIT_BUYER_PAY
10000 WAIT_BUYER_PAY
10000 WAIT_BUYER_PAY
10000 WAIT_BUYER_PAY
10000 WAIT_BUYER_PAY
10000 WAIT_BUYER_PAY
10000 WAIT_BUYER_PAY
10000 WAIT_BUYER_PAY
10000 WAIT_BUYER_PAY
10000 WAIT_BUYER_PAY
10000 WAIT_BUYER_PAY
10000 WAIT_BUYER_PAY
10000 WAIT_BUYER_PAY
10000 WAIT_BUYER_PAY
10000 WAIT_BUYER_PAY
10000 WAIT_BUYER_PAY
10000 WAIT_BUYER_PAY
10000 WAIT_BUYER_PAY
10000 WAIT_BUYER_PAY
10000 WAIT_BUYER_PAY
10000 WAIT_BUYER_PAY
10000 WAIT_BUYER_PAY
10000 WAIT_BUYER_PAY
10000 WAIT_BUYER_PAY
10000 WAIT_BUYER_PAY
10000 WAIT_BUYER_PAY
10000 WAIT_BUYER_PAY
10000 WAIT_BUYER_PAY
10000 WAIT_BUYER_PAY
10000 WAIT_BUYER_PAY
10000 WAIT_BUYER_PAY
10000 WAIT_BUYER_PAY
10000 WAIT_BUYER_PAY
10000 WAIT_BUYER_PAY
10000 WAIT_BUYER_PAY
10000 WAIT_BUYER_PAY
10000 WAIT_BUYER_PAY
10000 WAIT_BUYER_PAY
10000 WAIT_BUYER_PAY
10000 WAIT_BUYER_PAY
10000 WAIT_BUYER_PAY
10000 WAIT_BUYER_PAY
10000 WAIT_BUYER_PAY
10000 WAIT_BUYER_PAY
10000 WAIT_BUYER_PAY
10000 WAIT_BUYER_PAY
10000 WAIT_BUYER_PAY
10000 WAIT_BUYER_PAY
10000 WAIT_BUYER_PAY
10000 WAIT_BUYER_PAY
10000 WAIT_BUYER_PAY
10000 WAIT_BUYER_PAY
10000 WAIT_BUYER_PAY
10000 WAIT_BUYER_PAY
10000 WAIT_BUYER_PAY
10000 WAIT_BUYER_PAY
10000 WAIT_BUYER_PAY
10000 WAIT_BUYER_PAY
10000 WAIT_BUYER_PAY
10000 WAIT_BUYER_PAY
10000 WAIT_BUYER_PAY
10000 WAIT_BUYER_PAY
10000 WAIT_BUYER_PAY
10000 WAIT_BUYER_PAY
10000 WAIT_BUYER_PAY
10000 WAIT_BUYER_PAY
10000 WAIT_BUYER_PAY
10000 WAIT_BUYER_PAY
10000 WAIT_BUYER_PAY
10000 WAIT_BUYER_PAY
10000 WAIT_BUYER_PAY
10000 WAIT_BUYER_PAY
10000 WAIT_BUYER_PAY
10000 WAIT_BUYER_PAY
10000 WAIT_BUYER_PAY
10000 WAIT_BUYER_PAY
10000 WAIT_BUYER_PAY
10000 WAIT_BUYER_PAY
10000 WAIT_BUYER_PAY
10000 WAIT_BUYER_PAY
10000 WAIT_BUYER_PAY
10000 WAIT_BUYER_PAY
10000 WAIT_BUYER_PAY
10000 WAIT_BUYER_PAY
10000 WAIT_BUYER_PAY
10000 WAIT_BUYER_PAY
10000 WAIT_BUYER_PAY
10000 WAIT_BUYER_PAY
10000 WAIT_BUYER_PAY
10000 WAIT_BUYER_PAY
10000 WAIT_BUYER_PAY
10000 WAIT_BUYER_PAY
10000 WAIT_BUYER_PAY
10000 WAIT_BUYER_PAY
10000 WAIT_BUYER_PAY
10000 WAIT_BUYER_PAY
10000 WAIT_BUYER_PAY
10000 WAIT_BUYER_PAY
10000 WAIT_BUYER_PAY
10000 WAIT_BUYER_PAY
10000 WAIT_BUYER_PAY
10000 WAIT_BUYER_PAY
10000 WAIT_BUYER_PAY
10000 WAIT_BUYER_PAY
10000 WAIT_BUYER_PAY
10000 WAIT_BUYER_PAY
10000 WAIT_BUYER_PAY
10000 WAIT_BUYER_PAY
10000 WAIT_BUYER_PAY
10000 WAIT_BUYER_PAY
10000 WAIT_BUYER_PAY
10000 WAIT_BUYER_PAY
10000 WAIT_BUYER_PAY
10000 WAIT_BUYER_PAY
10000 WAIT_BUYER_PAY
10000 WAIT_BUYER_PAY
10000 WAIT_BUYER_PAY
10000 WAIT_BUYER_PAY
10000 WAIT_BUYER_PAY
10000 WAIT_BUYER_PAY
10000 WAIT_BUYER_PAY
10000 WAIT_BUYER_PAY
10000 WAIT_BUYER_PAY
10000 WAIT_BUYER_PAY
10000 WAIT_BUYER_PAY
10000 WAIT_BUYER_PAY
10000 WAIT_BUYER_PAY
10000 WAIT_BUYER_PAY
10000 WAIT_BUYER_PAY
10000 WAIT_BUYER_PAY
10000 WAIT_BUYER_PAY
10000 WAIT_BUYER_PAY
10000 WAIT_BUYER_PAY
10000 WAIT_BUYER_PAY
10000 WAIT_BUYER_PAY
10000 WAIT_BUYER_PAY
10000 WAIT_BUYER_PAY
10000 WAIT_BUYER_PAY
10000 WAIT_BUYER_PAY
10000 WAIT_BUYER_PAY
10000 WAIT_BUYER_PAY
10000 WAIT_BUYER_PAY
10000 WAIT_BUYER_PAY
10000 WAIT_BUYER_PAY
10000 WAIT_BUYER_PAY
10000 WAIT_BUYER_PAY
10000 WAIT_BUYER_PAY
10000 WAIT_BUYER_PAY
10000 WAIT_BUYER_PAY
10000 WAIT_BUYER_PAY
10000 WAIT_BUYER_PAY
10000 WAIT_BUYER_PAY
10000 WAIT_BUYER_PAY
10000 WAIT_BUYER_PAY
10000 WAIT_BUYER_PAY
10000 WAIT_BUYER_PAY
10000 WAIT_BUYER_PAY
10000 WAIT_BUYER_PAY
10000 WAIT_BUYER_PAY
10000 WAIT_BUYER_PAY
10000 WAIT_BUYER_PAY
10000 WAIT_BUYER_PAY
10000 WAIT_BUYER_PAY
10000 WAIT_BUYER_PAY
10000 WAIT_BUYER_PAY
10000 WAIT_BUYER_PAY
10000 WAIT_BUYER_PAY
10000 WAIT_BUYER_PAY
10000 WAIT_BUYER_PAY
10000 WAIT_BUYER_PAY
10000 WAIT_BUYER_PAY
10000 WAIT_BUYER_PAY
10000 WAIT_BUYER_PAY
10000 WAIT_BUYER_PAY
10000 WAIT_BUYER_PAY
10000 WAIT_BUYER_PAY
10000 WAIT_BUYER_PAY
10000 WAIT_BUYER_PAY
10000 WAIT_BUYER_PAY
10000 WAIT_BUYER_PAY
10000 WAIT_BUYER_PAY
10000 WAIT_BUYER_PAY
10000 WAIT_BUYER_PAY
10000 WAIT_BUYER_PAY
10000 WAIT_BUYER_PAY
10000 WAIT_BUYER_PAY
10000 WAIT_BUYER_PAY
10000 WAIT_BUYER_PAY
10000 WAIT_BUYER_PAY
10000 WAIT_BUYER_PAY
10000 WAIT_BUYER_PAY
10000 WAIT_BUYER_PAY
10000 WAIT_BUYER_PAY
10000 WAIT_BUYER_PAY
10000 WAIT_BUYER_PAY
10000 WAIT_BUYER_PAY
10000 WAIT_BUYER_PAY
10000 WAIT_BUYER_PAY
10000 WAIT_BUYER_PAY
10000 WAIT_BUYER_PAY
10000 WAIT_BUYER_PAY
10000 WAIT_BUYER_PAY
10000 WAIT_BUYER_PAY
10000 WAIT_BUYER_PAY
10000 WAIT_BUYER_PAY
10000 WAIT_BUYER_PAY
10000 WAIT_BUYER_PAY
10000 WAIT_BUYER_PAY
10000 WAIT_BUYER_PAY
10000 WAIT_BUYER_PAY
10000 WAIT_BUYER_PAY
10000 WAIT_BUYER_PAY
10000 WAIT_BUYER_PAY
10000 WAIT_BUYER_PAY
10000 WAIT_BUYER_PAY
10000 WAIT_BUYER_PAY
10000 WAIT_BUYER_PAY
10000 WAIT_BUYER_PAY
10000 WAIT_BUYER_PAY
10000 WAIT_BUYER_PAY
10000 WAIT_BUYER_PAY
10000 WAIT_BUYER_PAY
10000 WAIT_BUYER_PAY
10000 WAIT_BUYER_PAY
10000 WAIT_BUYER_PAY
10000 WAIT_BUYER_PAY
10000 WAIT_BUYER_PAY
10000 WAIT_BUYER_PAY
10000 WAIT_BUYER_PAY
10000 WAIT_BUYER_PAY
10000 WAIT_BUYER_PAY
10000 WAIT_BUYER_PAY
10000 WAIT_BUYER_PAY
10000 WAIT_BUYER_PAY
10000 WAIT_BUYER_PAY
10000 WAIT_BUYER_PAY
10000 WAIT_BUYER_PAY
10000 WAIT_BUYER_PAY
10000 WAIT_BUYER_PAY
10000 WAIT_BUYER_PAY
10000 WAIT_BUYER_PAY
10000 WAIT_BUYER_PAY
10000 WAIT_BUYER_PAY
10000 WAIT_BUYER_PAY
10000 WAIT_BUYER_PAY
10000 WAIT_BUYER_PAY
10000 WAIT_BUYER_PAY
10000 WAIT_BUYER_PAY
10000 WAIT_BUYER_PAY
10000 WAIT_BUYER_PAY
10000 WAIT_BUYER_PAY
10000 WAIT_BUYER_PAY
10000 WAIT_BUYER_PAY
10000 WAIT_BUYER_PAY
10000 WAIT_BUYER_PAY
10000 WAIT_BUYER_PAY
10000 WAIT_BUYER_PAY
10000 WAIT_BUYER_PAY
10000 WAIT_BUYER_PAY
10000 WAIT_BUYER_PAY
10000 WAIT_BUYER_PAY
10000 WAIT_BUYER_PAY
10000 WAIT_BUYER_PAY
10000 WAIT_BUYER_PAY
10000 WAIT_BUYER_PAY
10000 WAIT_BUYER_PAY
10000 WAIT_BUYER_PAY
10000 WAIT_BUYER_PAY
10000 WAIT_BUYER_PAY
10000 WAIT_BUYER_PAY
10000 WAIT_BUYER_PAY
10000 WAIT_BUYER_PAY
10000 WAIT_BUYER_PAY
10000 WAIT_BUYER_PAY
10000 WAIT_BUYER_PAY
10000 WAIT_BUYER_PAY
10000 WAIT_BUYER_PAY
10000 WAIT_BUYER_PAY
10000 WAIT_BUYER_PAY
10000 WAIT_BUYER_PAY
10000 WAIT_BUYER_PAY
10000 WAIT_BUYER_PAY
10000 WAIT_BUYER_PAY
10000 WAIT_BUYER_PAY
10000 WAIT_BUYER_PAY
10000 WAIT_BUYER_PAY
10000 WAIT_BUYER_PAY
10000 WAIT_BUYER_PAY
10000 WAIT_BUYER_PAY
10000 WAIT_BUYER_PAY
10000 WAIT_BUYER_PAY
10000 WAIT_BUYER_PAY
10000 WAIT_BUYER_PAY
10000 WAIT_BUYER_PAY
10000 WAIT_BUYER_PAY
10000 WAIT_BUYER_PAY
10000 WAIT_BUYER_PAY
10000 WAIT_BUYER_PAY
10000 WAIT_BUYER_PAY
10000 WAIT_BUYER_PAY
10000 WAIT_BUYER_PAY
10000 WAIT_BUYER_PAY
10000 WAIT_BUYER_PAY
10000 WAIT_BUYER_PAY
10000 WAIT_BUYER_PAY
10000 WAIT_BUYER_PAY
10000 WAIT_BUYER_PAY
10000 WAIT_BUYER_PAY
10000 WAIT_BUYER_PAY
10000 WAIT_BUYER_PAY
10000 WAIT_BUYER_PAY
10000 WAIT_BUYER_PAY
10000 WAIT_BUYER_PAY
10000 WAIT_BUYER_PAY
10000 WAIT_BUYER_PAY
10000 WAIT_BUYER_PAY
10000 WAIT_BUYER_PAY
10000 WAIT_BUYER_PAY
10000 WAIT_BUYER_PAY
10000 WAIT_BUYER_PAY
10000 WAIT_BUYER_PAY
10000 WAIT_BUYER_PAY
10000 WAIT_BUYER_PAY
10000 WAIT_BUYER_PAY
10000 WAIT_BUYER_PAY
10000 WAIT_BUYER_PAY
10000 WAIT_BUYER_PAY
10000 WAIT_BUYER_PAY
10000 WAIT_BUYER_PAY
10000 WAIT_BUYER_PAY
10000 WAIT_BUYER_PAY
10000 WAIT_BUYER_PAY
10000 WAIT_BUYER_PAY
10000 WAIT_BUYER_PAY
10000 WAIT_BUYER_PAY
10000 WAIT_BUYER_PAY
10000 WAIT_BUYER_PAY
10000 WAIT_BUYER_PAY
10000 WAIT_BUYER_PAY
10000 WAIT_BUYER_PAY
10000 WAIT_BUYER_PAY
10000 WAIT_BUYER_PAY
10000 WAIT_BUYER_PAY
10000 WAIT_BUYER_PAY
10000 WAIT_BUYER_PAY
10000 WAIT_BUYER_PAY
10000 WAIT_BUYER_PAY
10000 WAIT_BUYER_PAY
10000 WAIT_BUYER_PAY
10000 WAIT_BUYER_PAY
10000 WAIT_BUYER_PAY
10000 WAIT_BUYER_PAY
10000 WAIT_BUYER_PAY
10000 WAIT_BUYER_PAY
10000 WAIT_BUYER_PAY
10000 WAIT_BUYER_PAY
10000 WAIT_BUYER_PAY
10000 WAIT_BUYER_PAY
10000 WAIT_BUYER_PAY
10000 WAIT_BUYER_PAY
10000 WAIT_BUYER_PAY
10000 WAIT_BUYER_PAY
10000 WAIT_BUYER_PAY
10000 WAIT_BUYER_PAY
10000 WAIT_BUYER_PAY
10000 WAIT_BUYER_PAY
10000 WAIT_BUYER_PAY
10000 WAIT_BUYER_PAY
10000 WAIT_BUYER_PAY
10000 WAIT_BUYER_PAY
10000 WAIT_BUYER_PAY
10000 WAIT_BUYER_PAY
10000 WAIT_BUYER_PAY
10000 WAIT_BUYER_PAY
10000 WAIT_BUYER_PAY
10000 WAIT_BUYER_PAY
10000 WAIT_BUYER_PAY
10000 WAIT_BUYER_PAY
10000 WAIT_BUYER_PAY
10000 WAIT_BUYER_PAY
10000 WAIT_BUYER_PAY
10000 WAIT_BUYER_PAY
10000 WAIT_BUYER_PAY
10000 WAIT_BUYER_PAY
10000 WAIT_BUYER_PAY
10000 WAIT_BUYER_PAY
10000 WAIT_BUYER_PAY
10000 WAIT_BUYER_PAY
10000 WAIT_BUYER_PAY
10000 WAIT_BUYER_PAY
10000 WAIT_BUYER_PAY
10000 WAIT_BUYER_PAY
10000 WAIT_BUYER_PAY
10000 WAIT_BUYER_PAY
10000 WAIT_BUYER_PAY
10000 WAIT_BUYER_PAY
[pid: 7984|app: 0|req: 17/30] 127.0.0.1 () {44 vars in 834 bytes} [Thu May  3 16:38:14 2018] GET /user/orders/1 => generated 7189 bytes in 250 msecs (HTTP/1.1 200) 4 headers in 224 bytes (1 switches on core 1)
10000 WAIT_BUYER_PAY
[pid: 7984|app: 0|req: 18/31] 127.0.0.1 () {44 vars in 868 bytes} [Thu May  3 16:38:17 2018] GET /order/comment/201805031157191 => generated 103 bytes in 1 msecs (HTTP/1.1 404) 2 headers in 80 bytes (1 switches on core 1)
10000 WAIT_BUYER_PAY
10000 WAIT_BUYER_PAY
10000 WAIT_BUYER_PAY
[pid: 7984|app: 0|req: 19/32] 127.0.0.1 () {42 vars in 837 bytes} [Thu May  3 16:38:24 2018] GET /order/comment/201805031157191 => generated 103 bytes in 1 msecs (HTTP/1.1 404) 2 headers in 80 bytes (1 switches on core 1)
10000 WAIT_BUYER_PAY
10000 WAIT_BUYER_PAY
10000 WAIT_BUYER_PAY
10000 WAIT_BUYER_PAY
10000 WAIT_BUYER_PAY
10000 WAIT_BUYER_PAY
10000 WAIT_BUYER_PAY
10000 WAIT_BUYER_PAY
10000 WAIT_BUYER_PAY
10000 WAIT_BUYER_PAY
10000 WAIT_BUYER_PAY
10000 WAIT_BUYER_PAY
10000 WAIT_BUYER_PAY
10000 WAIT_BUYER_PAY
10000 WAIT_BUYER_PAY
10000 WAIT_BUYER_PAY
10000 WAIT_BUYER_PAY
10000 WAIT_BUYER_PAY
10000 WAIT_BUYER_PAY
10000 WAIT_BUYER_PAY
10000 WAIT_BUYER_PAY
10000 WAIT_BUYER_PAY
10000 WAIT_BUYER_PAY
10000 WAIT_BUYER_PAY
10000 WAIT_BUYER_PAY
10000 WAIT_BUYER_PAY
10000 WAIT_BUYER_PAY
10000 WAIT_BUYER_PAY
10000 WAIT_BUYER_PAY
10000 WAIT_BUYER_PAY
10000 WAIT_BUYER_PAY
10000 WAIT_BUYER_PAY
10000 WAIT_BUYER_PAY
[pid: 7984|app: 0|req: 20/33] 127.0.0.1 () {42 vars in 837 bytes} [Thu May  3 16:39:39 2018] GET /order/comment/201805031157191 => generated 103 bytes in 1 msecs (HTTP/1.1 404) 2 headers in 80 bytes (1 switches on core 1)
10000 WAIT_BUYER_PAY
10000 WAIT_BUYER_PAY
10000 WAIT_BUYER_PAY
10000 WAIT_BUYER_PAY
10000 WAIT_BUYER_PAY
10000 WAIT_BUYER_PAY
10000 WAIT_BUYER_PAY
10000 WAIT_BUYER_PAY
10000 WAIT_BUYER_PAY
10000 WAIT_BUYER_PAY
10000 WAIT_BUYER_PAY
10000 WAIT_BUYER_PAY
10000 WAIT_BUYER_PAY
[pid: 7984|app: 0|req: 21/34] 127.0.0.1 () {40 vars in 743 bytes} [Thu May  3 16:40:12 2018] GET /order => generated 79 bytes in 6 msecs (HTTP/1.1 404) 2 headers in 80 bytes (1 switches on core 1)
10000 WAIT_BUYER_PAY
10000 WAIT_BUYER_PAY
10000 WAIT_BUYER_PAY
10000 WAIT_BUYER_PAY
10000 WAIT_BUYER_PAY
10000 WAIT_BUYER_PAY
10000 WAIT_BUYER_PAY
10000 WAIT_BUYER_PAY
10000 WAIT_BUYER_PAY
使用缓存
[pid: 7984|app: 0|req: 22/35] 127.0.0.1 () {40 vars in 743 bytes} [Thu May  3 16:40:32 2018] GET /index => generated 18342 bytes in 163 msecs (HTTP/1.1 200) 3 headers in 102 bytes (1 switches on core 1)
10000 WAIT_BUYER_PAY
10000 WAIT_BUYER_PAY
10000 WAIT_BUYER_PAY
[pid: 7984|app: 0|req: 23/36] 127.0.0.1 () {42 vars in 837 bytes} [Thu May  3 16:40:39 2018] GET /order/comment/201805031157191 => generated 103 bytes in 1 msecs (HTTP/1.1 404) 2 headers in 80 bytes (1 switches on core 1)
10000 WAIT_BUYER_PAY
10000 WAIT_BUYER_PAY
10000 WAIT_BUYER_PAY
10000 WAIT_BUYER_PAY
10000 WAIT_BUYER_PAY
10000 WAIT_BUYER_PAY
10000 WAIT_BUYER_PAY
10000 WAIT_BUYER_PAY
10000 WAIT_BUYER_PAY
10000 WAIT_BUYER_PAY
10000 WAIT_BUYER_PAY
10000 WAIT_BUYER_PAY
10000 WAIT_BUYER_PAY
10000 WAIT_BUYER_PAY
10000 WAIT_BUYER_PAY
10000 WAIT_BUYER_PAY
[pid: 7984|app: 0|req: 24/37] 127.0.0.1 () {42 vars in 837 bytes} [Thu May  3 16:41:15 2018] GET /order/comment/201805031157191 => generated 103 bytes in 1 msecs (HTTP/1.1 404) 2 headers in 80 bytes (1 switches on core 1)
10000 WAIT_BUYER_PAY
10000 WAIT_BUYER_PAY
10000 WAIT_BUYER_PAY
[pid: 7984|app: 0|req: 25/38] 127.0.0.1 () {44 vars in 828 bytes} [Thu May  3 16:41:22 2018] GET /user/orders/1 => generated 7189 bytes in 188 msecs (HTTP/1.1 200) 4 headers in 224 bytes (1 switches on core 1)
10000 WAIT_BUYER_PAY
10000 WAIT_BUYER_PAY
10000 WAIT_BUYER_PAY
10000 WAIT_BUYER_PAY
10000 WAIT_BUYER_PAY
10000 WAIT_BUYER_PAY
10000 WAIT_BUYER_PAY
10000 WAIT_BUYER_PAY
10000 WAIT_BUYER_PAY
10000 WAIT_BUYER_PAY
10000 WAIT_BUYER_PAY
10000 WAIT_BUYER_PAY
10000 WAIT_BUYER_PAY
10000 WAIT_BUYER_PAY
10000 WAIT_BUYER_PAY
[pid: 7984|app: 0|req: 26/39] 127.0.0.1 () {44 vars in 828 bytes} [Thu May  3 16:41:56 2018] GET /user/orders/1 => generated 7189 bytes in 110 msecs (HTTP/1.1 200) 4 headers in 224 bytes (1 switches on core 1)
10000 WAIT_BUYER_PAY
10000 WAIT_BUYER_PAY
[pid: 7984|app: 0|req: 27/40] 127.0.0.1 () {42 vars in 837 bytes} [Thu May  3 16:42:01 2018] GET /order/comment/201805031157191 => generated 103 bytes in 3 msecs (HTTP/1.1 404) 2 headers in 80 bytes (1 switches on core 1)
10000 WAIT_BUYER_PAY
10000 WAIT_BUYER_PAY
10000 WAIT_BUYER_PAY
10000 WAIT_BUYER_PAY
10000 WAIT_BUYER_PAY
10000 WAIT_BUYER_PAY
[pid: 7984|app: 0|req: 28/41] 127.0.0.1 () {42 vars in 807 bytes} [Thu May  3 16:42:16 2018] GET /user/login_out => generated 0 bytes in 89 msecs (HTTP/1.1 302) 4 headers in 210 bytes (1 switches on core 1)
10000 WAIT_BUYER_PAY
[pid: 7984|app: 0|req: 29/42] 127.0.0.1 () {42 vars in 747 bytes} [Thu May  3 16:42:18 2018] GET /user/login => generated 4513 bytes in 29 msecs (HTTP/1.1 200) 4 headers in 224 bytes (1 switches on core 1)
10000 WAIT_BUYER_PAY
10000 WAIT_BUYER_PAY
10000 WAIT_BUYER_PAY
10000 WAIT_BUYER_PAY
10000 WAIT_BUYER_PAY
10000 WAIT_BUYER_PAY
10000 WAIT_BUYER_PAY
[pid: 7984|app: 0|req: 30/43] 127.0.0.1 () {50 vars in 969 bytes} [Thu May  3 16:42:34 2018] POST /user/login => generated 0 bytes in 387 msecs (HTTP/1.1 302) 6 headers in 392 bytes (1 switches on core 1)
10000 WAIT_BUYER_PAY
[pid: 7984|app: 0|req: 31/44] 127.0.0.1 () {42 vars in 797 bytes} [Thu May  3 16:42:37 2018] GET /user/orders/1 => generated 7189 bytes in 143 msecs (HTTP/1.1 200) 4 headers in 224 bytes (1 switches on core 1)
10000 WAIT_BUYER_PAY
10000 WAIT_BUYER_PAY
10000 WAIT_BUYER_PAY
10000 WAIT_BUYER_PAY
10000 WAIT_BUYER_PAY
10000 WAIT_BUYER_PAY
10000 WAIT_BUYER_PAY
10000 WAIT_BUYER_PAY
10000 WAIT_BUYER_PAY
10000 WAIT_BUYER_PAY
10000 WAIT_BUYER_PAY
10000 WAIT_BUYER_PAY
10000 WAIT_BUYER_PAY
10000 WAIT_BUYER_PAY
10000 WAIT_BUYER_PAY
10000 WAIT_BUYER_PAY
10000 WAIT_BUYER_PAY
10000 WAIT_BUYER_PAY
10000 WAIT_BUYER_PAY
10000 WAIT_BUYER_PAY
10000 WAIT_BUYER_PAY
10000 WAIT_BUYER_PAY
10000 WAIT_BUYER_PAY
10000 WAIT_BUYER_PAY
10000 WAIT_BUYER_PAY
10000 WAIT_BUYER_PAY
10000 WAIT_BUYER_PAY
10000 WAIT_BUYER_PAY
10000 WAIT_BUYER_PAY
10000 WAIT_BUYER_PAY
10000 WAIT_BUYER_PAY
10000 WAIT_BUYER_PAY
10000 WAIT_BUYER_PAY
10000 WAIT_BUYER_PAY
10000 WAIT_BUYER_PAY
10000 WAIT_BUYER_PAY
10000 WAIT_BUYER_PAY
10000 WAIT_BUYER_PAY
10000 WAIT_BUYER_PAY
10000 WAIT_BUYER_PAY
[pid: 7984|app: 0|req: 32/45] 127.0.0.1 () {44 vars in 828 bytes} [Thu May  3 16:44:09 2018] GET /user/orders/1 => generated 7189 bytes in 158 msecs (HTTP/1.1 200) 4 headers in 224 bytes (1 switches on core 1)
10000 WAIT_BUYER_PAY
10000 WAIT_BUYER_PAY
10000 WAIT_BUYER_PAY
10000 WAIT_BUYER_PAY
10000 WAIT_BUYER_PAY
10000 WAIT_BUYER_PAY
10000 WAIT_BUYER_PAY
10000 WAIT_BUYER_PAY
10000 WAIT_BUYER_PAY
10000 WAIT_BUYER_PAY
10000 WAIT_BUYER_PAY
10000 WAIT_BUYER_PAY
10000 WAIT_BUYER_PAY
10000 WAIT_BUYER_PAY
10000 WAIT_BUYER_PAY
10000 WAIT_BUYER_PAY
10000 WAIT_BUYER_PAY
10000 WAIT_BUYER_PAY
10000 WAIT_BUYER_PAY
10000 WAIT_BUYER_PAY
10000 WAIT_BUYER_PAY
10000 WAIT_BUYER_PAY
使用缓存
[pid: 7984|app: 0|req: 33/46] 127.0.0.1 () {40 vars in 743 bytes} [Thu May  3 16:44:59 2018] GET /index => generated 18342 bytes in 170 msecs (HTTP/1.1 200) 3 headers in 102 bytes (1 switches on core 1)
10000 WAIT_BUYER_PAY
10000 WAIT_BUYER_PAY
10000 WAIT_BUYER_PAY
[pid: 7984|app: 0|req: 34/47] 127.0.0.1 () {42 vars in 786 bytes} [Thu May  3 16:45:08 2018] GET /user/login => generated 4513 bytes in 23 msecs (HTTP/1.1 200) 4 headers in 224 bytes (1 switches on core 1)
10000 WAIT_BUYER_PAY
10000 WAIT_BUYER_PAY
10000 WAIT_BUYER_PAY
10000 WAIT_BUYER_PAY
10000 WAIT_BUYER_PAY
10000 WAIT_BUYER_PAY
10000 WAIT_BUYER_PAY
[pid: 7984|app: 0|req: 35/48] 127.0.0.1 () {50 vars in 969 bytes} [Thu May  3 16:45:24 2018] POST /user/login => generated 0 bytes in 84 msecs (HTTP/1.1 302) 6 headers in 392 bytes (1 switches on core 1)
10000 WAIT_BUYER_PAY
[pid: 7984|app: 0|req: 36/49] 127.0.0.1 () {42 vars in 797 bytes} [Thu May  3 16:45:26 2018] GET /user/orders/1 => generated 7189 bytes in 139 msecs (HTTP/1.1 200) 4 headers in 224 bytes (1 switches on core 1)
10000 WAIT_BUYER_PAY
10000 WAIT_BUYER_PAY
10000 WAIT_BUYER_PAY
10000 WAIT_BUYER_PAY
10000 WAIT_BUYER_PAY
10000 WAIT_BUYER_PAY
10000 WAIT_BUYER_PAY
10000 WAIT_BUYER_PAY
10000 WAIT_BUYER_PAY
10000 WAIT_BUYER_PAY
10000 WAIT_BUYER_PAY
10000 WAIT_BUYER_PAY
10000 WAIT_BUYER_PAY
10000 WAIT_BUYER_PAY
10000 WAIT_BUYER_PAY
10000 WAIT_BUYER_PAY
10000 WAIT_BUYER_PAY
10000 WAIT_BUYER_PAY
10000 WAIT_BUYER_PAY
10000 WAIT_BUYER_PAY
10000 WAIT_BUYER_PAY
10000 WAIT_BUYER_PAY
10000 WAIT_BUYER_PAY
10000 WAIT_BUYER_PAY
10000 WAIT_BUYER_PAY
10000 WAIT_BUYER_PAY
10000 WAIT_BUYER_PAY
10000 WAIT_BUYER_PAY
10000 WAIT_BUYER_PAY
10000 WAIT_BUYER_PAY
10000 WAIT_BUYER_PAY
10000 WAIT_BUYER_PAY
10000 WAIT_BUYER_PAY
10000 WAIT_BUYER_PAY
10000 WAIT_BUYER_PAY
10000 WAIT_BUYER_PAY
10000 WAIT_BUYER_PAY
10000 WAIT_BUYER_PAY
10000 WAIT_BUYER_PAY
10000 WAIT_BUYER_PAY
10000 WAIT_BUYER_PAY
10000 WAIT_BUYER_PAY
10000 WAIT_BUYER_PAY
10000 WAIT_BUYER_PAY
10000 WAIT_BUYER_PAY
10000 WAIT_BUYER_PAY
10000 WAIT_BUYER_PAY
10000 WAIT_BUYER_PAY
10000 WAIT_BUYER_PAY
10000 WAIT_BUYER_PAY
10000 WAIT_BUYER_PAY
10000 WAIT_BUYER_PAY
10000 WAIT_BUYER_PAY
10000 WAIT_BUYER_PAY
10000 WAIT_BUYER_PAY
10000 WAIT_BUYER_PAY
10000 WAIT_BUYER_PAY
10000 WAIT_BUYER_PAY
10000 WAIT_BUYER_PAY
10000 WAIT_BUYER_PAY
10000 WAIT_BUYER_PAY
10000 WAIT_BUYER_PAY
10000 WAIT_BUYER_PAY
10000 WAIT_BUYER_PAY
10000 WAIT_BUYER_PAY
10000 WAIT_BUYER_PAY
10000 WAIT_BUYER_PAY
10000 WAIT_BUYER_PAY
10000 WAIT_BUYER_PAY
10000 WAIT_BUYER_PAY
10000 WAIT_BUYER_PAY
10000 WAIT_BUYER_PAY
10000 WAIT_BUYER_PAY
10000 WAIT_BUYER_PAY
10000 WAIT_BUYER_PAY
10000 WAIT_BUYER_PAY
10000 WAIT_BUYER_PAY
SIGINT/SIGQUIT received...killing workers...
worker 1 buried after 1 seconds
worker 2 buried after 1 seconds
worker 3 buried after 1 seconds
worker 4 buried after 2 seconds
goodbye to uWSGI.
*** Starting uWSGI 2.0.17 (64bit) on [Thu May  3 16:49:15 2018] ***
compiled with version: 5.4.0 20160609 on 03 May 2018 04:15:55
os: Linux-4.4.0-31-generic #50-Ubuntu SMP Wed Jul 13 00:07:12 UTC 2016
nodename: ubuntu
machine: x86_64
clock source: unix
pcre jit disabled
detected number of CPU cores: 1
current working directory: /home/python/Desktop/django/dailyfresh
writing pidfile to uwsgi.pid
detected binary path: /home/python/.virtualenvs/django_py3/bin/uwsgi
chdir() to /home/python/Desktop/django/dailyfresh
your processes number limit is 11807
your memory page size is 4096 bytes
detected max file descriptor number: 1048576
lock engine: pthread robust mutexes
thunder lock: disabled (you can enable it with --thunder-lock)
uwsgi socket 0 bound to TCP address 127.0.0.1:8080 fd 3
Python version: 3.5.2 (default, Nov 23 2017, 16:37:01)  [GCC 5.4.0 20160609]
Set PythonHome to /home/python/.virtualenvs/django_py3
Python main interpreter initialized at 0x23cd580
python threads support enabled
your server socket listen backlog is limited to 100 connections
your mercy for graceful operations on workers is 60 seconds
mapped 416880 bytes (407 KB) for 8 cores
*** Operational MODE: preforking+threaded ***
WSGI app 0 (mountpoint='') ready in 2 seconds on interpreter 0x23cd580 pid: 12717 (default app)
*** uWSGI is running in multiple interpreter mode ***
spawned uWSGI master process (pid: 12717)
spawned uWSGI worker 1 (pid: 12721, cores: 2)
spawned uWSGI worker 2 (pid: 12722, cores: 2)
spawned uWSGI worker 3 (pid: 12723, cores: 2)
spawned uWSGI worker 4 (pid: 12724, cores: 2)
[pid: 12723|app: 0|req: 1/1] 127.0.0.1 () {42 vars in 837 bytes} [Thu May  3 16:49:32 2018] GET /order/comment/201805031157191 => generated 4828 bytes in 330 msecs (HTTP/1.1 200) 3 headers in 102 bytes (1 switches on core 0)
[pid: 12723|app: 0|req: 2/2] 127.0.0.1 () {40 vars in 756 bytes} [Thu May  3 16:49:32 2018] GET /order/comment/css/main.css => generated 3817 bytes in 16 msecs (HTTP/1.1 404) 2 headers in 80 bytes (1 switches on core 1)
[pid: 12722|app: 0|req: 1/3] 127.0.0.1 () {40 vars in 792 bytes} [Thu May  3 16:49:33 2018] GET /order/comment/images/goods/goods003.jpg => generated 3856 bytes in 406 msecs (HTTP/1.1 404) 2 headers in 80 bytes (1 switches on core 0)
