*** Starting uWSGI 2.0.17 (64bit) on [Thu May  3 15:14:15 2018] ***
compiled with version: 5.4.0 20160609 on 03 May 2018 04:15:55
os: Linux-4.4.0-31-generic #50-Ubuntu SMP Wed Jul 13 00:07:12 UTC 2016
nodename: ubuntu
machine: x86_64
clock source: unix
pcre jit disabled
detected number of CPU cores: 1
current working directory: /home/python/Desktop/django/dailyfresh
writing pidfile to uwsgi2.pid
detected binary path: /home/python/.virtualenvs/django_py3/bin/uwsgi
chdir() to /home/python/Desktop/django/dailyfresh
your processes number limit is 11807
your memory page size is 4096 bytes
detected max file descriptor number: 1048576
lock engine: pthread robust mutexes
thunder lock: disabled (you can enable it with --thunder-lock)
uwsgi socket 0 bound to TCP address 127.0.0.1:8081 fd 3
Python version: 3.5.2 (default, Nov 23 2017, 16:37:01)  [GCC 5.4.0 20160609]
Set PythonHome to /home/python/.virtualenvs/django_py3
Python main interpreter initialized at 0x1d86580
python threads support enabled
your server socket listen backlog is limited to 100 connections
your mercy for graceful operations on workers is 60 seconds
mapped 416880 bytes (407 KB) for 8 cores
*** Operational MODE: preforking+threaded ***
WSGI app 0 (mountpoint='') ready in 1 seconds on interpreter 0x1d86580 pid: 11418 (default app)
*** uWSGI is running in multiple interpreter mode ***
spawned uWSGI master process (pid: 11418)
spawned uWSGI worker 1 (pid: 11424, cores: 2)
spawned uWSGI worker 2 (pid: 11425, cores: 2)
spawned uWSGI worker 3 (pid: 11426, cores: 2)
spawned uWSGI worker 4 (pid: 11427, cores: 2)
[pid: 11427|app: 0|req: 1/1] 127.0.0.1 () {42 vars in 764 bytes} [Thu May  3 15:16:48 2018] GET / => generated 74 bytes in 328 msecs (HTTP/1.1 404) 2 headers in 80 bytes (1 switches on core 0)
[pid: 11427|app: 0|req: 2/2] 127.0.0.1 () {42 vars in 764 bytes} [Thu May  3 15:16:49 2018] GET / => generated 74 bytes in 3 msecs (HTTP/1.1 404) 2 headers in 80 bytes (1 switches on core 1)
[pid: 11425|app: 0|req: 1/3] 127.0.0.1 () {42 vars in 764 bytes} [Thu May  3 15:16:50 2018] GET / => generated 74 bytes in 361 msecs (HTTP/1.1 404) 2 headers in 80 bytes (1 switches on core 0)
没有缓存,从mysql数据库中读取
[pid: 11425|app: 0|req: 2/4] 127.0.0.1 () {40 vars in 743 bytes} [Thu May  3 15:18:06 2018] GET /index => generated 18342 bytes in 474 msecs (HTTP/1.1 200) 3 headers in 102 bytes (1 switches on core 1)
使用缓存
[pid: 11427|app: 0|req: 3/5] 127.0.0.1 () {42 vars in 781 bytes} [Thu May  3 15:18:59 2018] GET /index => generated 18342 bytes in 248 msecs (HTTP/1.1 200) 3 headers in 102 bytes (1 switches on core 0)
[pid: 11427|app: 0|req: 4/6] 127.0.0.1 () {42 vars in 815 bytes} [Thu May  3 15:19:35 2018] GET /list/1/1?sort=default => generated 9350 bytes in 185 msecs (HTTP/1.1 200) 4 headers in 224 bytes (1 switches on core 1)
[pid: 11427|app: 0|req: 5/7] 127.0.0.1 () {40 vars in 733 bytes} [Thu May  3 15:20:29 2018] GET / => generated 74 bytes in 1 msecs (HTTP/1.1 404) 2 headers in 80 bytes (1 switches on core 0)
[pid: 11427|app: 0|req: 6/8] 127.0.0.1 () {42 vars in 786 bytes} [Thu May  3 15:39:56 2018] GET /user/login => generated 4513 bytes in 65 msecs (HTTP/1.1 200) 4 headers in 224 bytes (1 switches on core 0)
[pid: 11427|app: 0|req: 7/9] 127.0.0.1 () {50 vars in 969 bytes} [Thu May  3 15:40:12 2018] POST /user/login => generated 0 bytes in 164 msecs (HTTP/1.1 302) 6 headers in 392 bytes (1 switches on core 1)
[pid: 11427|app: 0|req: 8/10] 127.0.0.1 () {42 vars in 789 bytes} [Thu May  3 15:40:19 2018] GET /detail/10 => generated 10849 bytes in 95 msecs (HTTP/1.1 200) 4 headers in 224 bytes (1 switches on core 0)
Building prefix dict from the default dictionary ...
Loading model from cache /tmp/jieba.cache
Loading model cost 1.286 seconds.
Prefix dict has been built succesfully.
[pid: 11427|app: 0|req: 9/11] 127.0.0.1 () {48 vars in 904 bytes} [Thu May  3 15:40:28 2018] POST /order/commit => generated 62 bytes in 1792 msecs (HTTP/1.1 200) 3 headers in 94 bytes (1 switches on core 1)
[pid: 11427|app: 0|req: 10/12] 127.0.0.1 () {48 vars in 900 bytes} [Thu May  3 15:40:37 2018] POST /order/pay => generated 803 bytes in 1213 msecs (HTTP/1.1 200) 3 headers in 94 bytes (1 switches on core 0)
10000 WAIT_BUYER_PAY
10000 WAIT_BUYER_PAY
10000 WAIT_BUYER_PAY
10000 WAIT_BUYER_PAY
10000 WAIT_BUYER_PAY
10000 WAIT_BUYER_PAY
10000 WAIT_BUYER_PAY
10000 WAIT_BUYER_PAY
10000 WAIT_BUYER_PAY
10000 WAIT_BUYER_PAY
10000 WAIT_BUYER_PAY
10000 WAIT_BUYER_PAY
10000 WAIT_BUYER_PAY
10000 WAIT_BUYER_PAY
10000 WAIT_BUYER_PAY
10000 WAIT_BUYER_PAY
10000 WAIT_BUYER_PAY
10000 WAIT_BUYER_PAY
10000 WAIT_BUYER_PAY
10000 WAIT_BUYER_PAY
10000 WAIT_BUYER_PAY
10000 WAIT_BUYER_PAY
10000 WAIT_BUYER_PAY
10000 WAIT_BUYER_PAY
10000 WAIT_BUYER_PAY
10000 WAIT_BUYER_PAY
10000 WAIT_BUYER_PAY
10000 WAIT_BUYER_PAY
10000 WAIT_BUYER_PAY
10000 WAIT_BUYER_PAY
10000 WAIT_BUYER_PAY
10000 WAIT_BUYER_PAY
10000 WAIT_BUYER_PAY
10000 WAIT_BUYER_PAY
10000 WAIT_BUYER_PAY
10000 WAIT_BUYER_PAY
10000 WAIT_BUYER_PAY
10000 WAIT_BUYER_PAY
10000 WAIT_BUYER_PAY
10000 WAIT_BUYER_PAY
10000 WAIT_BUYER_PAY
10000 WAIT_BUYER_PAY
10000 WAIT_BUYER_PAY
10000 WAIT_BUYER_PAY
10000 WAIT_BUYER_PAY
10000 WAIT_BUYER_PAY
10000 WAIT_BUYER_PAY
10000 WAIT_BUYER_PAY
10000 WAIT_BUYER_PAY
10000 WAIT_BUYER_PAY
10000 WAIT_BUYER_PAY
10000 WAIT_BUYER_PAY
10000 WAIT_BUYER_PAY
10000 WAIT_BUYER_PAY
10000 WAIT_BUYER_PAY
10000 WAIT_BUYER_PAY
10000 WAIT_BUYER_PAY
10000 WAIT_BUYER_PAY
10000 WAIT_BUYER_PAY
10000 WAIT_BUYER_PAY
10000 WAIT_BUYER_PAY
10000 WAIT_BUYER_PAY
10000 WAIT_BUYER_PAY
10000 WAIT_BUYER_PAY
10000 WAIT_BUYER_PAY
10000 WAIT_BUYER_PAY
10000 WAIT_BUYER_PAY
10000 WAIT_BUYER_PAY
10000 WAIT_BUYER_PAY
10000 WAIT_BUYER_PAY
10000 WAIT_BUYER_PAY
10000 WAIT_BUYER_PAY
10000 WAIT_BUYER_PAY
10000 WAIT_BUYER_PAY
10000 WAIT_BUYER_PAY
10000 WAIT_BUYER_PAY
10000 WAIT_BUYER_PAY
10000 WAIT_BUYER_PAY
10000 WAIT_BUYER_PAY
10000 WAIT_BUYER_PAY
10000 WAIT_BUYER_PAY
10000 WAIT_BUYER_PAY
10000 WAIT_BUYER_PAY
10000 WAIT_BUYER_PAY
10000 WAIT_BUYER_PAY
10000 WAIT_BUYER_PAY
10000 WAIT_BUYER_PAY
10000 WAIT_BUYER_PAY
10000 WAIT_BUYER_PAY
10000 WAIT_BUYER_PAY
10000 WAIT_BUYER_PAY
10000 WAIT_BUYER_PAY
10000 WAIT_BUYER_PAY
10000 WAIT_BUYER_PAY
10000 WAIT_BUYER_PAY
10000 WAIT_BUYER_PAY
10000 WAIT_BUYER_PAY
10000 WAIT_BUYER_PAY
10000 WAIT_BUYER_PAY
10000 WAIT_BUYER_PAY
10000 WAIT_BUYER_PAY
10000 WAIT_BUYER_PAY
10000 WAIT_BUYER_PAY
10000 WAIT_BUYER_PAY
10000 WAIT_BUYER_PAY
10000 WAIT_BUYER_PAY
10000 WAIT_BUYER_PAY
10000 WAIT_BUYER_PAY
10000 WAIT_BUYER_PAY
10000 WAIT_BUYER_PAY
10000 WAIT_BUYER_PAY
10000 WAIT_BUYER_PAY
10000 WAIT_BUYER_PAY
10000 WAIT_BUYER_PAY
10000 WAIT_BUYER_PAY
10000 WAIT_BUYER_PAY
10000 WAIT_BUYER_PAY
10000 WAIT_BUYER_PAY
10000 WAIT_BUYER_PAY
10000 WAIT_BUYER_PAY
10000 WAIT_BUYER_PAY
10000 WAIT_BUYER_PAY
10000 WAIT_BUYER_PAY
10000 WAIT_BUYER_PAY
10000 WAIT_BUYER_PAY
10000 WAIT_BUYER_PAY
10000 WAIT_BUYER_PAY
10000 WAIT_BUYER_PAY
10000 WAIT_BUYER_PAY
10000 WAIT_BUYER_PAY
10000 WAIT_BUYER_PAY
10000 WAIT_BUYER_PAY
10000 WAIT_BUYER_PAY
10000 WAIT_BUYER_PAY
10000 WAIT_BUYER_PAY
10000 WAIT_BUYER_PAY
10000 WAIT_BUYER_PAY
10000 WAIT_BUYER_PAY
10000 WAIT_BUYER_PAY
10000 WAIT_BUYER_PAY
10000 WAIT_BUYER_PAY
10000 WAIT_BUYER_PAY
10000 WAIT_BUYER_PAY
10000 WAIT_BUYER_PAY
10000 WAIT_BUYER_PAY
10000 WAIT_BUYER_PAY
10000 WAIT_BUYER_PAY
10000 WAIT_BUYER_PAY
10000 WAIT_BUYER_PAY
10000 WAIT_BUYER_PAY
10000 WAIT_BUYER_PAY
10000 WAIT_BUYER_PAY
10000 WAIT_BUYER_PAY
10000 WAIT_BUYER_PAY
10000 WAIT_BUYER_PAY
10000 WAIT_BUYER_PAY
10000 WAIT_BUYER_PAY
10000 WAIT_BUYER_PAY
10000 WAIT_BUYER_PAY
10000 WAIT_BUYER_PAY
10000 WAIT_BUYER_PAY
10000 WAIT_BUYER_PAY
10000 WAIT_BUYER_PAY
10000 WAIT_BUYER_PAY
10000 WAIT_BUYER_PAY
10000 WAIT_BUYER_PAY
10000 WAIT_BUYER_PAY
10000 WAIT_BUYER_PAY
10000 WAIT_BUYER_PAY
10000 WAIT_BUYER_PAY
10000 WAIT_BUYER_PAY
10000 WAIT_BUYER_PAY
10000 WAIT_BUYER_PAY
10000 WAIT_BUYER_PAY
10000 WAIT_BUYER_PAY
10000 WAIT_BUYER_PAY
10000 WAIT_BUYER_PAY
10000 WAIT_BUYER_PAY
10000 WAIT_BUYER_PAY
10000 WAIT_BUYER_PAY
10000 WAIT_BUYER_PAY
10000 WAIT_BUYER_PAY
10000 WAIT_BUYER_PAY
10000 WAIT_BUYER_PAY
10000 WAIT_BUYER_PAY
10000 WAIT_BUYER_PAY
10000 WAIT_BUYER_PAY
10000 WAIT_BUYER_PAY
10000 WAIT_BUYER_PAY
10000 WAIT_BUYER_PAY
10000 WAIT_BUYER_PAY
10000 WAIT_BUYER_PAY
10000 WAIT_BUYER_PAY
10000 WAIT_BUYER_PAY
10000 WAIT_BUYER_PAY
10000 WAIT_BUYER_PAY
10000 WAIT_BUYER_PAY
10000 WAIT_BUYER_PAY
10000 WAIT_BUYER_PAY
10000 WAIT_BUYER_PAY
10000 WAIT_BUYER_PAY
10000 WAIT_BUYER_PAY
10000 WAIT_BUYER_PAY
10000 WAIT_BUYER_PAY
10000 WAIT_BUYER_PAY
10000 WAIT_BUYER_PAY
10000 WAIT_BUYER_PAY
10000 WAIT_BUYER_PAY
10000 WAIT_BUYER_PAY
10000 WAIT_BUYER_PAY
10000 WAIT_BUYER_PAY
10000 WAIT_BUYER_PAY
10000 WAIT_BUYER_PAY
10000 WAIT_BUYER_PAY
10000 WAIT_BUYER_PAY
10000 WAIT_BUYER_PAY
10000 WAIT_BUYER_PAY
10000 WAIT_BUYER_PAY
10000 WAIT_BUYER_PAY
10000 WAIT_BUYER_PAY
10000 WAIT_BUYER_PAY
10000 WAIT_BUYER_PAY
10000 WAIT_BUYER_PAY
10000 WAIT_BUYER_PAY
10000 WAIT_BUYER_PAY
10000 WAIT_BUYER_PAY
10000 WAIT_BUYER_PAY
10000 WAIT_BUYER_PAY
10000 WAIT_BUYER_PAY
10000 WAIT_BUYER_PAY
10000 WAIT_BUYER_PAY
10000 WAIT_BUYER_PAY
10000 WAIT_BUYER_PAY
10000 WAIT_BUYER_PAY
10000 WAIT_BUYER_PAY
10000 WAIT_BUYER_PAY
10000 WAIT_BUYER_PAY
10000 WAIT_BUYER_PAY
10000 WAIT_BUYER_PAY
10000 WAIT_BUYER_PAY
10000 WAIT_BUYER_PAY
10000 WAIT_BUYER_PAY
10000 WAIT_BUYER_PAY
10000 WAIT_BUYER_PAY
10000 WAIT_BUYER_PAY
10000 WAIT_BUYER_PAY
10000 WAIT_BUYER_PAY
10000 WAIT_BUYER_PAY
10000 WAIT_BUYER_PAY
10000 WAIT_BUYER_PAY
10000 WAIT_BUYER_PAY
10000 WAIT_BUYER_PAY
10000 WAIT_BUYER_PAY
10000 WAIT_BUYER_PAY
10000 WAIT_BUYER_PAY
10000 WAIT_BUYER_PAY
10000 WAIT_BUYER_PAY
10000 WAIT_BUYER_PAY
10000 WAIT_BUYER_PAY
10000 WAIT_BUYER_PAY
10000 WAIT_BUYER_PAY
10000 WAIT_BUYER_PAY
10000 WAIT_BUYER_PAY
10000 WAIT_BUYER_PAY
10000 WAIT_BUYER_PAY
10000 WAIT_BUYER_PAY
10000 WAIT_BUYER_PAY
10000 WAIT_BUYER_PAY
10000 WAIT_BUYER_PAY
10000 WAIT_BUYER_PAY
10000 WAIT_BUYER_PAY
10000 WAIT_BUYER_PAY
10000 WAIT_BUYER_PAY
10000 WAIT_BUYER_PAY
10000 WAIT_BUYER_PAY
10000 WAIT_BUYER_PAY
10000 WAIT_BUYER_PAY
10000 WAIT_BUYER_PAY
10000 WAIT_BUYER_PAY
10000 WAIT_BUYER_PAY
10000 WAIT_BUYER_PAY
10000 WAIT_BUYER_PAY
10000 WAIT_BUYER_PAY
10000 WAIT_BUYER_PAY
10000 WAIT_BUYER_PAY
10000 WAIT_BUYER_PAY
10000 WAIT_BUYER_PAY
10000 WAIT_BUYER_PAY
10000 WAIT_BUYER_PAY
10000 WAIT_BUYER_PAY
10000 WAIT_BUYER_PAY
10000 WAIT_BUYER_PAY
10000 WAIT_BUYER_PAY
10000 WAIT_BUYER_PAY
10000 WAIT_BUYER_PAY
10000 WAIT_BUYER_PAY
10000 WAIT_BUYER_PAY
10000 WAIT_BUYER_PAY
10000 WAIT_BUYER_PAY
10000 WAIT_BUYER_PAY
10000 WAIT_BUYER_PAY
10000 WAIT_BUYER_PAY
10000 WAIT_BUYER_PAY
10000 WAIT_BUYER_PAY
10000 WAIT_BUYER_PAY
10000 WAIT_BUYER_PAY
10000 WAIT_BUYER_PAY
10000 WAIT_BUYER_PAY
10000 WAIT_BUYER_PAY
10000 WAIT_BUYER_PAY
10000 WAIT_BUYER_PAY
10000 WAIT_BUYER_PAY
10000 WAIT_BUYER_PAY
10000 WAIT_BUYER_PAY
10000 WAIT_BUYER_PAY
10000 WAIT_BUYER_PAY
10000 WAIT_BUYER_PAY
10000 WAIT_BUYER_PAY
10000 WAIT_BUYER_PAY
10000 WAIT_BUYER_PAY
10000 WAIT_BUYER_PAY
10000 WAIT_BUYER_PAY
10000 WAIT_BUYER_PAY
10000 WAIT_BUYER_PAY
10000 WAIT_BUYER_PAY
10000 WAIT_BUYER_PAY
10000 WAIT_BUYER_PAY
10000 WAIT_BUYER_PAY
10000 WAIT_BUYER_PAY
10000 WAIT_BUYER_PAY
10000 WAIT_BUYER_PAY
10000 WAIT_BUYER_PAY
10000 WAIT_BUYER_PAY
10000 WAIT_BUYER_PAY
10000 WAIT_BUYER_PAY
10000 WAIT_BUYER_PAY
10000 WAIT_BUYER_PAY
10000 WAIT_BUYER_PAY
10000 WAIT_BUYER_PAY
10000 WAIT_BUYER_PAY
10000 WAIT_BUYER_PAY
10000 WAIT_BUYER_PAY
10000 WAIT_BUYER_PAY
10000 WAIT_BUYER_PAY
10000 WAIT_BUYER_PAY
10000 WAIT_BUYER_PAY
10000 WAIT_BUYER_PAY
10000 WAIT_BUYER_PAY
10000 WAIT_BUYER_PAY
10000 WAIT_BUYER_PAY
10000 WAIT_BUYER_PAY
10000 WAIT_BUYER_PAY
10000 WAIT_BUYER_PAY
10000 WAIT_BUYER_PAY
10000 WAIT_BUYER_PAY
10000 WAIT_BUYER_PAY
10000 WAIT_BUYER_PAY
10000 WAIT_BUYER_PAY
10000 WAIT_BUYER_PAY
10000 WAIT_BUYER_PAY
10000 WAIT_BUYER_PAY
10000 WAIT_BUYER_PAY
10000 WAIT_BUYER_PAY
10000 WAIT_BUYER_PAY
10000 WAIT_BUYER_PAY
10000 WAIT_BUYER_PAY
10000 WAIT_BUYER_PAY
10000 WAIT_BUYER_PAY
10000 WAIT_BUYER_PAY
10000 WAIT_BUYER_PAY
10000 WAIT_BUYER_PAY
10000 WAIT_BUYER_PAY
10000 WAIT_BUYER_PAY
10000 WAIT_BUYER_PAY
10000 WAIT_BUYER_PAY
10000 WAIT_BUYER_PAY
10000 WAIT_BUYER_PAY
10000 WAIT_BUYER_PAY
10000 WAIT_BUYER_PAY
10000 WAIT_BUYER_PAY
10000 WAIT_BUYER_PAY
10000 WAIT_BUYER_PAY
10000 WAIT_BUYER_PAY
10000 WAIT_BUYER_PAY
10000 WAIT_BUYER_PAY
10000 WAIT_BUYER_PAY
10000 WAIT_BUYER_PAY
10000 WAIT_BUYER_PAY
10000 WAIT_BUYER_PAY
10000 WAIT_BUYER_PAY
10000 WAIT_BUYER_PAY
10000 WAIT_BUYER_PAY
10000 WAIT_BUYER_PAY
10000 WAIT_BUYER_PAY
10000 WAIT_BUYER_PAY
10000 WAIT_BUYER_PAY
10000 WAIT_BUYER_PAY
10000 WAIT_BUYER_PAY
10000 WAIT_BUYER_PAY
10000 WAIT_BUYER_PAY
10000 WAIT_BUYER_PAY
10000 WAIT_BUYER_PAY
10000 WAIT_BUYER_PAY
10000 WAIT_BUYER_PAY
10000 WAIT_BUYER_PAY
10000 WAIT_BUYER_PAY
10000 WAIT_BUYER_PAY
10000 WAIT_BUYER_PAY
10000 WAIT_BUYER_PAY
10000 WAIT_BUYER_PAY
10000 WAIT_BUYER_PAY
10000 WAIT_BUYER_PAY
10000 WAIT_BUYER_PAY
10000 WAIT_BUYER_PAY
10000 WAIT_BUYER_PAY
10000 WAIT_BUYER_PAY
10000 WAIT_BUYER_PAY
10000 WAIT_BUYER_PAY
10000 WAIT_BUYER_PAY
10000 WAIT_BUYER_PAY
10000 WAIT_BUYER_PAY
10000 WAIT_BUYER_PAY
10000 WAIT_BUYER_PAY
10000 WAIT_BUYER_PAY
10000 WAIT_BUYER_PAY
10000 WAIT_BUYER_PAY
10000 WAIT_BUYER_PAY
10000 WAIT_BUYER_PAY
10000 WAIT_BUYER_PAY
10000 WAIT_BUYER_PAY
10000 WAIT_BUYER_PAY
10000 WAIT_BUYER_PAY
10000 WAIT_BUYER_PAY
10000 WAIT_BUYER_PAY
10000 WAIT_BUYER_PAY
10000 WAIT_BUYER_PAY
10000 WAIT_BUYER_PAY
10000 WAIT_BUYER_PAY
10000 WAIT_BUYER_PAY
10000 WAIT_BUYER_PAY
10000 WAIT_BUYER_PAY
10000 WAIT_BUYER_PAY
10000 WAIT_BUYER_PAY
10000 WAIT_BUYER_PAY
10000 WAIT_BUYER_PAY
10000 WAIT_BUYER_PAY
10000 WAIT_BUYER_PAY
10000 WAIT_BUYER_PAY
10000 WAIT_BUYER_PAY
10000 WAIT_BUYER_PAY
10000 WAIT_BUYER_PAY
10000 WAIT_BUYER_PAY
10000 WAIT_BUYER_PAY
10000 WAIT_BUYER_PAY
10000 WAIT_BUYER_PAY
10000 WAIT_BUYER_PAY
10000 WAIT_BUYER_PAY
10000 WAIT_BUYER_PAY
10000 WAIT_BUYER_PAY
10000 WAIT_BUYER_PAY
10000 WAIT_BUYER_PAY
10000 WAIT_BUYER_PAY
10000 WAIT_BUYER_PAY
10000 WAIT_BUYER_PAY
10000 WAIT_BUYER_PAY
10000 WAIT_BUYER_PAY
10000 WAIT_BUYER_PAY
10000 WAIT_BUYER_PAY
10000 WAIT_BUYER_PAY
10000 WAIT_BUYER_PAY
10000 WAIT_BUYER_PAY
10000 WAIT_BUYER_PAY
10000 WAIT_BUYER_PAY
10000 WAIT_BUYER_PAY
10000 WAIT_BUYER_PAY
10000 WAIT_BUYER_PAY
10000 WAIT_BUYER_PAY
10000 WAIT_BUYER_PAY
10000 WAIT_BUYER_PAY
10000 WAIT_BUYER_PAY
10000 WAIT_BUYER_PAY
10000 WAIT_BUYER_PAY
10000 WAIT_BUYER_PAY
10000 WAIT_BUYER_PAY
10000 WAIT_BUYER_PAY
10000 WAIT_BUYER_PAY
10000 WAIT_BUYER_PAY
10000 WAIT_BUYER_PAY
10000 WAIT_BUYER_PAY
10000 WAIT_BUYER_PAY
10000 WAIT_BUYER_PAY
10000 WAIT_BUYER_PAY
10000 WAIT_BUYER_PAY
10000 WAIT_BUYER_PAY
10000 WAIT_BUYER_PAY
10000 WAIT_BUYER_PAY
10000 WAIT_BUYER_PAY
10000 WAIT_BUYER_PAY
10000 WAIT_BUYER_PAY
10000 WAIT_BUYER_PAY
10000 WAIT_BUYER_PAY
10000 WAIT_BUYER_PAY
10000 WAIT_BUYER_PAY
10000 WAIT_BUYER_PAY
10000 WAIT_BUYER_PAY
10000 WAIT_BUYER_PAY
10000 WAIT_BUYER_PAY
10000 WAIT_BUYER_PAY
10000 WAIT_BUYER_PAY
10000 WAIT_BUYER_PAY
10000 WAIT_BUYER_PAY
10000 WAIT_BUYER_PAY
10000 WAIT_BUYER_PAY
10000 WAIT_BUYER_PAY
10000 WAIT_BUYER_PAY
10000 WAIT_BUYER_PAY
10000 WAIT_BUYER_PAY
10000 WAIT_BUYER_PAY
10000 WAIT_BUYER_PAY
10000 WAIT_BUYER_PAY
10000 WAIT_BUYER_PAY
10000 WAIT_BUYER_PAY
10000 WAIT_BUYER_PAY
10000 WAIT_BUYER_PAY
10000 WAIT_BUYER_PAY
10000 WAIT_BUYER_PAY
10000 WAIT_BUYER_PAY
10000 WAIT_BUYER_PAY
10000 WAIT_BUYER_PAY
10000 WAIT_BUYER_PAY
10000 WAIT_BUYER_PAY
10000 WAIT_BUYER_PAY
10000 WAIT_BUYER_PAY
10000 WAIT_BUYER_PAY
10000 WAIT_BUYER_PAY
10000 WAIT_BUYER_PAY
10000 WAIT_BUYER_PAY
10000 WAIT_BUYER_PAY
10000 WAIT_BUYER_PAY
10000 WAIT_BUYER_PAY
10000 WAIT_BUYER_PAY
10000 WAIT_BUYER_PAY
10000 WAIT_BUYER_PAY
10000 WAIT_BUYER_PAY
10000 WAIT_BUYER_PAY
10000 WAIT_BUYER_PAY
10000 WAIT_BUYER_PAY
10000 WAIT_BUYER_PAY
10000 WAIT_BUYER_PAY
10000 WAIT_BUYER_PAY
10000 WAIT_BUYER_PAY
10000 WAIT_BUYER_PAY
10000 WAIT_BUYER_PAY
10000 WAIT_BUYER_PAY
10000 WAIT_BUYER_PAY
10000 WAIT_BUYER_PAY
10000 WAIT_BUYER_PAY
10000 WAIT_BUYER_PAY
10000 WAIT_BUYER_PAY
10000 WAIT_BUYER_PAY
10000 WAIT_BUYER_PAY
10000 WAIT_BUYER_PAY
10000 WAIT_BUYER_PAY
10000 WAIT_BUYER_PAY
10000 WAIT_BUYER_PAY
10000 WAIT_BUYER_PAY
10000 WAIT_BUYER_PAY
10000 WAIT_BUYER_PAY
10000 WAIT_BUYER_PAY
10000 WAIT_BUYER_PAY
10000 WAIT_BUYER_PAY
10000 WAIT_BUYER_PAY
10000 WAIT_BUYER_PAY
10000 WAIT_BUYER_PAY
10000 WAIT_BUYER_PAY
10000 WAIT_BUYER_PAY
10000 WAIT_BUYER_PAY
10000 WAIT_BUYER_PAY
10000 WAIT_BUYER_PAY
10000 WAIT_BUYER_PAY
10000 WAIT_BUYER_PAY
10000 WAIT_BUYER_PAY
10000 WAIT_BUYER_PAY
10000 WAIT_BUYER_PAY
10000 WAIT_BUYER_PAY
10000 WAIT_BUYER_PAY
10000 WAIT_BUYER_PAY
10000 WAIT_BUYER_PAY
10000 WAIT_BUYER_PAY
10000 WAIT_BUYER_PAY
10000 WAIT_BUYER_PAY
10000 WAIT_BUYER_PAY
10000 WAIT_BUYER_PAY
10000 WAIT_BUYER_PAY
10000 WAIT_BUYER_PAY
10000 WAIT_BUYER_PAY
10000 WAIT_BUYER_PAY
10000 WAIT_BUYER_PAY
10000 WAIT_BUYER_PAY
10000 WAIT_BUYER_PAY
10000 WAIT_BUYER_PAY
10000 WAIT_BUYER_PAY
10000 WAIT_BUYER_PAY
10000 WAIT_BUYER_PAY
10000 WAIT_BUYER_PAY
10000 WAIT_BUYER_PAY
10000 WAIT_BUYER_PAY
10000 WAIT_BUYER_PAY
10000 WAIT_BUYER_PAY
10000 WAIT_BUYER_PAY
10000 WAIT_BUYER_PAY
10000 WAIT_BUYER_PAY
10000 WAIT_BUYER_PAY
10000 WAIT_BUYER_PAY
10000 WAIT_BUYER_PAY
10000 WAIT_BUYER_PAY
10000 WAIT_BUYER_PAY
10000 WAIT_BUYER_PAY
10000 WAIT_BUYER_PAY
10000 WAIT_BUYER_PAY
10000 WAIT_BUYER_PAY
10000 WAIT_BUYER_PAY
10000 WAIT_BUYER_PAY
10000 WAIT_BUYER_PAY
10000 WAIT_BUYER_PAY
10000 WAIT_BUYER_PAY
10000 WAIT_BUYER_PAY
10000 WAIT_BUYER_PAY
10000 WAIT_BUYER_PAY
10000 WAIT_BUYER_PAY
10000 WAIT_BUYER_PAY
10000 WAIT_BUYER_PAY
10000 WAIT_BUYER_PAY
10000 WAIT_BUYER_PAY
10000 WAIT_BUYER_PAY
10000 WAIT_BUYER_PAY
10000 WAIT_BUYER_PAY
10000 WAIT_BUYER_PAY
10000 WAIT_BUYER_PAY
10000 WAIT_BUYER_PAY
10000 WAIT_BUYER_PAY
10000 WAIT_BUYER_PAY
10000 WAIT_BUYER_PAY
10000 WAIT_BUYER_PAY
10000 WAIT_BUYER_PAY
10000 WAIT_BUYER_PAY
10000 WAIT_BUYER_PAY
10000 WAIT_BUYER_PAY
10000 WAIT_BUYER_PAY
10000 WAIT_BUYER_PAY
10000 WAIT_BUYER_PAY
10000 WAIT_BUYER_PAY
10000 WAIT_BUYER_PAY
10000 WAIT_BUYER_PAY
10000 WAIT_BUYER_PAY
10000 WAIT_BUYER_PAY
10000 WAIT_BUYER_PAY
10000 WAIT_BUYER_PAY
10000 WAIT_BUYER_PAY
10000 WAIT_BUYER_PAY
10000 WAIT_BUYER_PAY
10000 WAIT_BUYER_PAY
10000 WAIT_BUYER_PAY
10000 WAIT_BUYER_PAY
10000 WAIT_BUYER_PAY
10000 WAIT_BUYER_PAY
10000 WAIT_BUYER_PAY
10000 WAIT_BUYER_PAY
10000 WAIT_BUYER_PAY
10000 WAIT_BUYER_PAY
10000 WAIT_BUYER_PAY
10000 WAIT_BUYER_PAY
10000 WAIT_BUYER_PAY
10000 WAIT_BUYER_PAY
10000 WAIT_BUYER_PAY
10000 WAIT_BUYER_PAY
10000 WAIT_BUYER_PAY
10000 WAIT_BUYER_PAY
10000 WAIT_BUYER_PAY
10000 WAIT_BUYER_PAY
10000 WAIT_BUYER_PAY
10000 WAIT_BUYER_PAY
10000 WAIT_BUYER_PAY
10000 WAIT_BUYER_PAY
10000 WAIT_BUYER_PAY
10000 WAIT_BUYER_PAY
10000 WAIT_BUYER_PAY
10000 WAIT_BUYER_PAY
10000 WAIT_BUYER_PAY
10000 WAIT_BUYER_PAY
10000 WAIT_BUYER_PAY
10000 WAIT_BUYER_PAY
10000 WAIT_BUYER_PAY
10000 WAIT_BUYER_PAY
10000 WAIT_BUYER_PAY
10000 WAIT_BUYER_PAY
10000 WAIT_BUYER_PAY
10000 WAIT_BUYER_PAY
10000 WAIT_BUYER_PAY
10000 WAIT_BUYER_PAY
10000 WAIT_BUYER_PAY
10000 WAIT_BUYER_PAY
10000 WAIT_BUYER_PAY
10000 WAIT_BUYER_PAY
10000 WAIT_BUYER_PAY
10000 WAIT_BUYER_PAY
10000 WAIT_BUYER_PAY
10000 WAIT_BUYER_PAY
10000 WAIT_BUYER_PAY
10000 WAIT_BUYER_PAY
10000 WAIT_BUYER_PAY
10000 WAIT_BUYER_PAY
10000 WAIT_BUYER_PAY
10000 WAIT_BUYER_PAY
10000 WAIT_BUYER_PAY
10000 WAIT_BUYER_PAY
10000 WAIT_BUYER_PAY
10000 WAIT_BUYER_PAY
10000 WAIT_BUYER_PAY
10000 WAIT_BUYER_PAY
10000 WAIT_BUYER_PAY
10000 WAIT_BUYER_PAY
10000 WAIT_BUYER_PAY
10000 WAIT_BUYER_PAY
10000 WAIT_BUYER_PAY
10000 WAIT_BUYER_PAY
10000 WAIT_BUYER_PAY
10000 WAIT_BUYER_PAY
10000 WAIT_BUYER_PAY
10000 WAIT_BUYER_PAY
10000 WAIT_BUYER_PAY
10000 WAIT_BUYER_PAY
10000 WAIT_BUYER_PAY
10000 WAIT_BUYER_PAY
10000 WAIT_BUYER_PAY
10000 WAIT_BUYER_PAY
10000 WAIT_BUYER_PAY
10000 WAIT_BUYER_PAY
10000 WAIT_BUYER_PAY
10000 WAIT_BUYER_PAY
10000 WAIT_BUYER_PAY
10000 WAIT_BUYER_PAY
10000 WAIT_BUYER_PAY
10000 WAIT_BUYER_PAY
10000 WAIT_BUYER_PAY
10000 WAIT_BUYER_PAY
10000 WAIT_BUYER_PAY
10000 WAIT_BUYER_PAY
10000 WAIT_BUYER_PAY
10000 WAIT_BUYER_PAY
10000 WAIT_BUYER_PAY
10000 WAIT_BUYER_PAY
10000 WAIT_BUYER_PAY
10000 WAIT_BUYER_PAY
10000 WAIT_BUYER_PAY
10000 WAIT_BUYER_PAY
10000 WAIT_BUYER_PAY
10000 WAIT_BUYER_PAY
10000 WAIT_BUYER_PAY
10000 WAIT_BUYER_PAY
10000 WAIT_BUYER_PAY
10000 WAIT_BUYER_PAY
10000 WAIT_BUYER_PAY
10000 WAIT_BUYER_PAY
10000 WAIT_BUYER_PAY
10000 WAIT_BUYER_PAY
10000 WAIT_BUYER_PAY
10000 WAIT_BUYER_PAY
10000 WAIT_BUYER_PAY
10000 WAIT_BUYER_PAY
10000 WAIT_BUYER_PAY
10000 WAIT_BUYER_PAY
10000 WAIT_BUYER_PAY
10000 WAIT_BUYER_PAY
10000 WAIT_BUYER_PAY
10000 WAIT_BUYER_PAY
10000 WAIT_BUYER_PAY
10000 WAIT_BUYER_PAY
10000 WAIT_BUYER_PAY
10000 WAIT_BUYER_PAY
10000 WAIT_BUYER_PAY
10000 WAIT_BUYER_PAY
10000 WAIT_BUYER_PAY
10000 WAIT_BUYER_PAY
10000 WAIT_BUYER_PAY
10000 WAIT_BUYER_PAY
10000 WAIT_BUYER_PAY
10000 WAIT_BUYER_PAY
10000 WAIT_BUYER_PAY
10000 WAIT_BUYER_PAY
10000 WAIT_BUYER_PAY
10000 WAIT_BUYER_PAY
10000 WAIT_BUYER_PAY
10000 WAIT_BUYER_PAY
10000 WAIT_BUYER_PAY
10000 WAIT_BUYER_PAY
10000 WAIT_BUYER_PAY
10000 WAIT_BUYER_PAY
10000 WAIT_BUYER_PAY
10000 WAIT_BUYER_PAY
10000 WAIT_BUYER_PAY
10000 WAIT_BUYER_PAY
10000 WAIT_BUYER_PAY
10000 WAIT_BUYER_PAY
10000 WAIT_BUYER_PAY
10000 WAIT_BUYER_PAY
10000 WAIT_BUYER_PAY
10000 WAIT_BUYER_PAY
10000 WAIT_BUYER_PAY
10000 WAIT_BUYER_PAY
10000 WAIT_BUYER_PAY
10000 WAIT_BUYER_PAY
10000 WAIT_BUYER_PAY
10000 WAIT_BUYER_PAY
10000 WAIT_BUYER_PAY
10000 WAIT_BUYER_PAY
10000 WAIT_BUYER_PAY
10000 WAIT_BUYER_PAY
10000 WAIT_BUYER_PAY
10000 WAIT_BUYER_PAY
10000 WAIT_BUYER_PAY
10000 WAIT_BUYER_PAY
10000 WAIT_BUYER_PAY
10000 WAIT_BUYER_PAY
10000 WAIT_BUYER_PAY
10000 WAIT_BUYER_PAY
10000 WAIT_BUYER_PAY
10000 WAIT_BUYER_PAY
10000 WAIT_BUYER_PAY
10000 WAIT_BUYER_PAY
10000 WAIT_BUYER_PAY
10000 WAIT_BUYER_PAY
10000 WAIT_BUYER_PAY
10000 WAIT_BUYER_PAY
10000 WAIT_BUYER_PAY
10000 WAIT_BUYER_PAY
10000 WAIT_BUYER_PAY
10000 WAIT_BUYER_PAY
10000 WAIT_BUYER_PAY
10000 WAIT_BUYER_PAY
10000 WAIT_BUYER_PAY
10000 WAIT_BUYER_PAY
10000 WAIT_BUYER_PAY
10000 WAIT_BUYER_PAY
10000 WAIT_BUYER_PAY
10000 WAIT_BUYER_PAY
10000 WAIT_BUYER_PAY
10000 WAIT_BUYER_PAY
10000 WAIT_BUYER_PAY
10000 WAIT_BUYER_PAY
10000 WAIT_BUYER_PAY
10000 WAIT_BUYER_PAY
10000 WAIT_BUYER_PAY
10000 WAIT_BUYER_PAY
10000 WAIT_BUYER_PAY
10000 WAIT_BUYER_PAY
10000 WAIT_BUYER_PAY
10000 WAIT_BUYER_PAY
10000 WAIT_BUYER_PAY
10000 WAIT_BUYER_PAY
10000 WAIT_BUYER_PAY
10000 WAIT_BUYER_PAY
10000 WAIT_BUYER_PAY
10000 WAIT_BUYER_PAY
10000 WAIT_BUYER_PAY
10000 WAIT_BUYER_PAY
10000 WAIT_BUYER_PAY
10000 WAIT_BUYER_PAY
10000 WAIT_BUYER_PAY
10000 WAIT_BUYER_PAY
10000 WAIT_BUYER_PAY
10000 WAIT_BUYER_PAY
10000 WAIT_BUYER_PAY
10000 WAIT_BUYER_PAY
10000 WAIT_BUYER_PAY
10000 WAIT_BUYER_PAY
10000 WAIT_BUYER_PAY
10000 WAIT_BUYER_PAY
10000 WAIT_BUYER_PAY
10000 WAIT_BUYER_PAY
10000 WAIT_BUYER_PAY
10000 WAIT_BUYER_PAY
10000 WAIT_BUYER_PAY
10000 WAIT_BUYER_PAY
10000 WAIT_BUYER_PAY
10000 WAIT_BUYER_PAY
10000 WAIT_BUYER_PAY
10000 WAIT_BUYER_PAY
10000 WAIT_BUYER_PAY
10000 WAIT_BUYER_PAY
10000 WAIT_BUYER_PAY
10000 WAIT_BUYER_PAY
10000 WAIT_BUYER_PAY
10000 WAIT_BUYER_PAY
10000 WAIT_BUYER_PAY
10000 WAIT_BUYER_PAY
10000 WAIT_BUYER_PAY
10000 WAIT_BUYER_PAY
10000 WAIT_BUYER_PAY
10000 WAIT_BUYER_PAY
10000 WAIT_BUYER_PAY
10000 WAIT_BUYER_PAY
10000 WAIT_BUYER_PAY
10000 WAIT_BUYER_PAY
10000 WAIT_BUYER_PAY
10000 WAIT_BUYER_PAY
10000 WAIT_BUYER_PAY
10000 WAIT_BUYER_PAY
10000 WAIT_BUYER_PAY
10000 WAIT_BUYER_PAY
10000 WAIT_BUYER_PAY
10000 WAIT_BUYER_PAY
10000 WAIT_BUYER_PAY
10000 WAIT_BUYER_PAY
10000 WAIT_BUYER_PAY
10000 WAIT_BUYER_PAY
10000 WAIT_BUYER_PAY
10000 WAIT_BUYER_PAY
10000 WAIT_BUYER_PAY
10000 WAIT_BUYER_PAY
10000 WAIT_BUYER_PAY
10000 WAIT_BUYER_PAY
10000 WAIT_BUYER_PAY
10000 WAIT_BUYER_PAY
10000 WAIT_BUYER_PAY
10000 WAIT_BUYER_PAY
10000 WAIT_BUYER_PAY
10000 WAIT_BUYER_PAY
10000 WAIT_BUYER_PAY
10000 WAIT_BUYER_PAY
10000 WAIT_BUYER_PAY
10000 WAIT_BUYER_PAY
10000 WAIT_BUYER_PAY
10000 WAIT_BUYER_PAY
10000 WAIT_BUYER_PAY
10000 WAIT_BUYER_PAY
10000 WAIT_BUYER_PAY
10000 WAIT_BUYER_PAY
10000 WAIT_BUYER_PAY
10000 WAIT_BUYER_PAY
10000 WAIT_BUYER_PAY
10000 WAIT_BUYER_PAY
10000 WAIT_BUYER_PAY
10000 WAIT_BUYER_PAY
10000 WAIT_BUYER_PAY
10000 WAIT_BUYER_PAY
10000 WAIT_BUYER_PAY
10000 WAIT_BUYER_PAY
10000 WAIT_BUYER_PAY
10000 WAIT_BUYER_PAY
10000 WAIT_BUYER_PAY
10000 WAIT_BUYER_PAY
10000 WAIT_BUYER_PAY
10000 WAIT_BUYER_PAY
10000 WAIT_BUYER_PAY
10000 WAIT_BUYER_PAY
10000 WAIT_BUYER_PAY
10000 WAIT_BUYER_PAY
10000 WAIT_BUYER_PAY
10000 WAIT_BUYER_PAY
10000 WAIT_BUYER_PAY
10000 WAIT_BUYER_PAY
10000 WAIT_BUYER_PAY
10000 WAIT_BUYER_PAY
10000 WAIT_BUYER_PAY
10000 WAIT_BUYER_PAY
10000 WAIT_BUYER_PAY
10000 WAIT_BUYER_PAY
10000 WAIT_BUYER_PAY
10000 WAIT_BUYER_PAY
10000 WAIT_BUYER_PAY
10000 WAIT_BUYER_PAY
10000 WAIT_BUYER_PAY
10000 WAIT_BUYER_PAY
10000 WAIT_BUYER_PAY
10000 WAIT_BUYER_PAY
10000 WAIT_BUYER_PAY
10000 WAIT_BUYER_PAY
10000 WAIT_BUYER_PAY
10000 WAIT_BUYER_PAY
10000 WAIT_BUYER_PAY
10000 WAIT_BUYER_PAY
10000 WAIT_BUYER_PAY
10000 WAIT_BUYER_PAY
10000 WAIT_BUYER_PAY
10000 WAIT_BUYER_PAY
10000 WAIT_BUYER_PAY
10000 WAIT_BUYER_PAY
10000 WAIT_BUYER_PAY
10000 WAIT_BUYER_PAY
10000 WAIT_BUYER_PAY
10000 WAIT_BUYER_PAY
10000 WAIT_BUYER_PAY
10000 WAIT_BUYER_PAY
10000 WAIT_BUYER_PAY
10000 WAIT_BUYER_PAY
10000 WAIT_BUYER_PAY
10000 WAIT_BUYER_PAY
10000 WAIT_BUYER_PAY
10000 WAIT_BUYER_PAY
10000 WAIT_BUYER_PAY
10000 WAIT_BUYER_PAY
10000 WAIT_BUYER_PAY
10000 WAIT_BUYER_PAY
10000 WAIT_BUYER_PAY
10000 WAIT_BUYER_PAY
10000 WAIT_BUYER_PAY
10000 WAIT_BUYER_PAY
10000 WAIT_BUYER_PAY
10000 WAIT_BUYER_PAY
10000 WAIT_BUYER_PAY
10000 WAIT_BUYER_PAY
10000 WAIT_BUYER_PAY
10000 WAIT_BUYER_PAY
10000 WAIT_BUYER_PAY
10000 WAIT_BUYER_PAY
10000 WAIT_BUYER_PAY
10000 WAIT_BUYER_PAY
10000 WAIT_BUYER_PAY
10000 WAIT_BUYER_PAY
10000 WAIT_BUYER_PAY
10000 WAIT_BUYER_PAY
10000 WAIT_BUYER_PAY
10000 WAIT_BUYER_PAY
10000 WAIT_BUYER_PAY
10000 WAIT_BUYER_PAY
10000 WAIT_BUYER_PAY
10000 WAIT_BUYER_PAY
10000 WAIT_BUYER_PAY
10000 WAIT_BUYER_PAY
10000 WAIT_BUYER_PAY
10000 WAIT_BUYER_PAY
10000 WAIT_BUYER_PAY
10000 WAIT_BUYER_PAY
10000 WAIT_BUYER_PAY
10000 WAIT_BUYER_PAY
10000 WAIT_BUYER_PAY
10000 WAIT_BUYER_PAY
10000 WAIT_BUYER_PAY
10000 WAIT_BUYER_PAY
10000 WAIT_BUYER_PAY
10000 WAIT_BUYER_PAY
10000 WAIT_BUYER_PAY
10000 WAIT_BUYER_PAY
10000 WAIT_BUYER_PAY
10000 WAIT_BUYER_PAY
10000 WAIT_BUYER_PAY
10000 WAIT_BUYER_PAY
10000 WAIT_BUYER_PAY
10000 WAIT_BUYER_PAY
10000 WAIT_BUYER_PAY
10000 WAIT_BUYER_PAY
10000 WAIT_BUYER_PAY
10000 WAIT_BUYER_PAY
10000 WAIT_BUYER_PAY
10000 WAIT_BUYER_PAY
10000 WAIT_BUYER_PAY
10000 WAIT_BUYER_PAY
10000 WAIT_BUYER_PAY
10000 WAIT_BUYER_PAY
10000 WAIT_BUYER_PAY
10000 WAIT_BUYER_PAY
10000 WAIT_BUYER_PAY
10000 WAIT_BUYER_PAY
10000 WAIT_BUYER_PAY
10000 WAIT_BUYER_PAY
10000 WAIT_BUYER_PAY
10000 WAIT_BUYER_PAY
10000 WAIT_BUYER_PAY
10000 WAIT_BUYER_PAY
10000 WAIT_BUYER_PAY
10000 WAIT_BUYER_PAY
10000 WAIT_BUYER_PAY
10000 WAIT_BUYER_PAY
10000 WAIT_BUYER_PAY
10000 WAIT_BUYER_PAY
10000 WAIT_BUYER_PAY
10000 WAIT_BUYER_PAY
10000 WAIT_BUYER_PAY
10000 WAIT_BUYER_PAY
10000 WAIT_BUYER_PAY
10000 WAIT_BUYER_PAY
10000 WAIT_BUYER_PAY
10000 WAIT_BUYER_PAY
10000 WAIT_BUYER_PAY
10000 WAIT_BUYER_PAY
10000 WAIT_BUYER_PAY
10000 WAIT_BUYER_PAY
10000 WAIT_BUYER_PAY
10000 WAIT_BUYER_PAY
10000 WAIT_BUYER_PAY
10000 WAIT_BUYER_PAY
10000 WAIT_BUYER_PAY
10000 WAIT_BUYER_PAY
10000 WAIT_BUYER_PAY
10000 WAIT_BUYER_PAY
10000 WAIT_BUYER_PAY
10000 WAIT_BUYER_PAY
10000 WAIT_BUYER_PAY
10000 WAIT_BUYER_PAY
10000 WAIT_BUYER_PAY
10000 WAIT_BUYER_PAY
10000 WAIT_BUYER_PAY
10000 WAIT_BUYER_PAY
10000 WAIT_BUYER_PAY
10000 WAIT_BUYER_PAY
10000 WAIT_BUYER_PAY
10000 WAIT_BUYER_PAY
10000 WAIT_BUYER_PAY
10000 WAIT_BUYER_PAY
10000 WAIT_BUYER_PAY
10000 WAIT_BUYER_PAY
10000 WAIT_BUYER_PAY
10000 WAIT_BUYER_PAY
10000 WAIT_BUYER_PAY
10000 WAIT_BUYER_PAY
10000 WAIT_BUYER_PAY
10000 WAIT_BUYER_PAY
10000 WAIT_BUYER_PAY
10000 WAIT_BUYER_PAY
10000 WAIT_BUYER_PAY
10000 WAIT_BUYER_PAY
10000 WAIT_BUYER_PAY
10000 WAIT_BUYER_PAY
10000 WAIT_BUYER_PAY
10000 WAIT_BUYER_PAY
10000 WAIT_BUYER_PAY
10000 WAIT_BUYER_PAY
10000 WAIT_BUYER_PAY
10000 WAIT_BUYER_PAY
10000 WAIT_BUYER_PAY
10000 WAIT_BUYER_PAY
10000 WAIT_BUYER_PAY
10000 WAIT_BUYER_PAY
10000 WAIT_BUYER_PAY
10000 WAIT_BUYER_PAY
10000 WAIT_BUYER_PAY
10000 WAIT_BUYER_PAY
10000 WAIT_BUYER_PAY
10000 WAIT_BUYER_PAY
10000 WAIT_BUYER_PAY
10000 WAIT_BUYER_PAY
10000 WAIT_BUYER_PAY
10000 WAIT_BUYER_PAY
10000 WAIT_BUYER_PAY
10000 WAIT_BUYER_PAY
10000 WAIT_BUYER_PAY
10000 WAIT_BUYER_PAY
10000 WAIT_BUYER_PAY
10000 WAIT_BUYER_PAY
10000 WAIT_BUYER_PAY
10000 WAIT_BUYER_PAY
10000 WAIT_BUYER_PAY
10000 WAIT_BUYER_PAY
10000 WAIT_BUYER_PAY
10000 WAIT_BUYER_PAY
10000 WAIT_BUYER_PAY
10000 WAIT_BUYER_PAY
10000 WAIT_BUYER_PAY
10000 WAIT_BUYER_PAY
10000 WAIT_BUYER_PAY
10000 WAIT_BUYER_PAY
10000 WAIT_BUYER_PAY
10000 WAIT_BUYER_PAY
10000 WAIT_BUYER_PAY
10000 WAIT_BUYER_PAY
10000 WAIT_BUYER_PAY
10000 WAIT_BUYER_PAY
10000 WAIT_BUYER_PAY
10000 WAIT_BUYER_PAY
10000 WAIT_BUYER_PAY
10000 WAIT_BUYER_PAY
10000 WAIT_BUYER_PAY
10000 WAIT_BUYER_PAY
10000 WAIT_BUYER_PAY
10000 WAIT_BUYER_PAY
10000 WAIT_BUYER_PAY
10000 WAIT_BUYER_PAY
10000 WAIT_BUYER_PAY
10000 WAIT_BUYER_PAY
10000 WAIT_BUYER_PAY
10000 WAIT_BUYER_PAY
10000 WAIT_BUYER_PAY
10000 WAIT_BUYER_PAY
10000 WAIT_BUYER_PAY
10000 WAIT_BUYER_PAY
10000 WAIT_BUYER_PAY
10000 WAIT_BUYER_PAY
10000 WAIT_BUYER_PAY
10000 WAIT_BUYER_PAY
10000 WAIT_BUYER_PAY
10000 WAIT_BUYER_PAY
10000 WAIT_BUYER_PAY
10000 WAIT_BUYER_PAY
10000 WAIT_BUYER_PAY
10000 WAIT_BUYER_PAY
10000 WAIT_BUYER_PAY
10000 WAIT_BUYER_PAY
10000 WAIT_BUYER_PAY
10000 WAIT_BUYER_PAY
10000 WAIT_BUYER_PAY
10000 WAIT_BUYER_PAY
10000 WAIT_BUYER_PAY
10000 WAIT_BUYER_PAY
10000 WAIT_BUYER_PAY
10000 WAIT_BUYER_PAY
10000 WAIT_BUYER_PAY
10000 WAIT_BUYER_PAY
10000 WAIT_BUYER_PAY
10000 WAIT_BUYER_PAY
10000 WAIT_BUYER_PAY
10000 WAIT_BUYER_PAY
10000 WAIT_BUYER_PAY
10000 WAIT_BUYER_PAY
10000 WAIT_BUYER_PAY
10000 WAIT_BUYER_PAY
10000 WAIT_BUYER_PAY
10000 WAIT_BUYER_PAY
10000 WAIT_BUYER_PAY
10000 WAIT_BUYER_PAY
10000 WAIT_BUYER_PAY
10000 WAIT_BUYER_PAY
10000 WAIT_BUYER_PAY
10000 WAIT_BUYER_PAY
10000 WAIT_BUYER_PAY
10000 WAIT_BUYER_PAY
10000 WAIT_BUYER_PAY
10000 WAIT_BUYER_PAY
10000 WAIT_BUYER_PAY
10000 WAIT_BUYER_PAY
10000 WAIT_BUYER_PAY
10000 WAIT_BUYER_PAY
10000 WAIT_BUYER_PAY
10000 WAIT_BUYER_PAY
10000 WAIT_BUYER_PAY
10000 WAIT_BUYER_PAY
10000 WAIT_BUYER_PAY
10000 WAIT_BUYER_PAY
10000 WAIT_BUYER_PAY
10000 WAIT_BUYER_PAY
10000 WAIT_BUYER_PAY
10000 WAIT_BUYER_PAY
10000 WAIT_BUYER_PAY
10000 WAIT_BUYER_PAY
10000 WAIT_BUYER_PAY
10000 WAIT_BUYER_PAY
10000 WAIT_BUYER_PAY
10000 WAIT_BUYER_PAY
10000 WAIT_BUYER_PAY
10000 WAIT_BUYER_PAY
10000 WAIT_BUYER_PAY
10000 WAIT_BUYER_PAY
10000 WAIT_BUYER_PAY
10000 WAIT_BUYER_PAY
10000 WAIT_BUYER_PAY
10000 WAIT_BUYER_PAY
10000 WAIT_BUYER_PAY
10000 WAIT_BUYER_PAY
10000 WAIT_BUYER_PAY
10000 WAIT_BUYER_PAY
10000 WAIT_BUYER_PAY
10000 WAIT_BUYER_PAY
10000 WAIT_BUYER_PAY
10000 WAIT_BUYER_PAY
10000 WAIT_BUYER_PAY
10000 WAIT_BUYER_PAY
10000 WAIT_BUYER_PAY
10000 WAIT_BUYER_PAY
10000 WAIT_BUYER_PAY
10000 WAIT_BUYER_PAY
10000 WAIT_BUYER_PAY
10000 WAIT_BUYER_PAY
10000 WAIT_BUYER_PAY
10000 WAIT_BUYER_PAY
10000 WAIT_BUYER_PAY
10000 WAIT_BUYER_PAY
10000 WAIT_BUYER_PAY
10000 WAIT_BUYER_PAY
10000 WAIT_BUYER_PAY
10000 WAIT_BUYER_PAY
10000 WAIT_BUYER_PAY
10000 WAIT_BUYER_PAY
10000 WAIT_BUYER_PAY
10000 WAIT_BUYER_PAY
10000 WAIT_BUYER_PAY
10000 WAIT_BUYER_PAY
10000 WAIT_BUYER_PAY
10000 WAIT_BUYER_PAY
10000 WAIT_BUYER_PAY
10000 WAIT_BUYER_PAY
10000 WAIT_BUYER_PAY
10000 WAIT_BUYER_PAY
10000 WAIT_BUYER_PAY
10000 WAIT_BUYER_PAY
10000 WAIT_BUYER_PAY
10000 WAIT_BUYER_PAY
10000 WAIT_BUYER_PAY
10000 WAIT_BUYER_PAY
10000 WAIT_BUYER_PAY
10000 WAIT_BUYER_PAY
10000 WAIT_BUYER_PAY
10000 WAIT_BUYER_PAY
10000 WAIT_BUYER_PAY
10000 WAIT_BUYER_PAY
10000 WAIT_BUYER_PAY
10000 WAIT_BUYER_PAY
10000 WAIT_BUYER_PAY
10000 WAIT_BUYER_PAY
10000 WAIT_BUYER_PAY
10000 WAIT_BUYER_PAY
10000 WAIT_BUYER_PAY
10000 WAIT_BUYER_PAY
10000 WAIT_BUYER_PAY
10000 WAIT_BUYER_PAY
10000 WAIT_BUYER_PAY
10000 WAIT_BUYER_PAY
10000 WAIT_BUYER_PAY
10000 WAIT_BUYER_PAY
10000 WAIT_BUYER_PAY
10000 WAIT_BUYER_PAY
10000 WAIT_BUYER_PAY
10000 WAIT_BUYER_PAY
10000 WAIT_BUYER_PAY
10000 WAIT_BUYER_PAY
10000 WAIT_BUYER_PAY
10000 WAIT_BUYER_PAY
10000 WAIT_BUYER_PAY
10000 WAIT_BUYER_PAY
10000 WAIT_BUYER_PAY
10000 WAIT_BUYER_PAY
10000 WAIT_BUYER_PAY
10000 WAIT_BUYER_PAY
10000 WAIT_BUYER_PAY
10000 WAIT_BUYER_PAY
10000 WAIT_BUYER_PAY
10000 WAIT_BUYER_PAY
10000 WAIT_BUYER_PAY
10000 WAIT_BUYER_PAY
10000 WAIT_BUYER_PAY
10000 WAIT_BUYER_PAY
10000 WAIT_BUYER_PAY
10000 WAIT_BUYER_PAY
10000 WAIT_BUYER_PAY
10000 WAIT_BUYER_PAY
10000 WAIT_BUYER_PAY
10000 WAIT_BUYER_PAY
10000 WAIT_BUYER_PAY
10000 WAIT_BUYER_PAY
10000 WAIT_BUYER_PAY
10000 WAIT_BUYER_PAY
10000 WAIT_BUYER_PAY
10000 WAIT_BUYER_PAY
10000 WAIT_BUYER_PAY
10000 WAIT_BUYER_PAY
10000 WAIT_BUYER_PAY
10000 WAIT_BUYER_PAY
10000 WAIT_BUYER_PAY
10000 WAIT_BUYER_PAY
10000 WAIT_BUYER_PAY
10000 WAIT_BUYER_PAY
10000 WAIT_BUYER_PAY
10000 WAIT_BUYER_PAY
10000 WAIT_BUYER_PAY
10000 WAIT_BUYER_PAY
10000 WAIT_BUYER_PAY
10000 WAIT_BUYER_PAY
10000 WAIT_BUYER_PAY
10000 WAIT_BUYER_PAY
10000 WAIT_BUYER_PAY
10000 WAIT_BUYER_PAY
10000 WAIT_BUYER_PAY
10000 WAIT_BUYER_PAY
10000 WAIT_BUYER_PAY
10000 WAIT_BUYER_PAY
10000 WAIT_BUYER_PAY
10000 WAIT_BUYER_PAY
10000 WAIT_BUYER_PAY
10000 WAIT_BUYER_PAY
10000 WAIT_BUYER_PAY
10000 WAIT_BUYER_PAY
10000 WAIT_BUYER_PAY
10000 WAIT_BUYER_PAY
10000 WAIT_BUYER_PAY
10000 WAIT_BUYER_PAY
10000 WAIT_BUYER_PAY
10000 WAIT_BUYER_PAY
10000 WAIT_BUYER_PAY
10000 WAIT_BUYER_PAY
10000 WAIT_BUYER_PAY
10000 WAIT_BUYER_PAY
10000 WAIT_BUYER_PAY
10000 WAIT_BUYER_PAY
10000 WAIT_BUYER_PAY
10000 WAIT_BUYER_PAY
10000 WAIT_BUYER_PAY
10000 WAIT_BUYER_PAY
10000 WAIT_BUYER_PAY
10000 WAIT_BUYER_PAY
10000 WAIT_BUYER_PAY
10000 WAIT_BUYER_PAY
10000 WAIT_BUYER_PAY
10000 WAIT_BUYER_PAY
10000 WAIT_BUYER_PAY
10000 WAIT_BUYER_PAY
10000 WAIT_BUYER_PAY
10000 WAIT_BUYER_PAY
10000 WAIT_BUYER_PAY
10000 WAIT_BUYER_PAY
10000 WAIT_BUYER_PAY
10000 WAIT_BUYER_PAY
10000 WAIT_BUYER_PAY
10000 WAIT_BUYER_PAY
10000 WAIT_BUYER_PAY
10000 WAIT_BUYER_PAY
10000 WAIT_BUYER_PAY
10000 WAIT_BUYER_PAY
10000 WAIT_BUYER_PAY
10000 WAIT_BUYER_PAY
10000 WAIT_BUYER_PAY
10000 WAIT_BUYER_PAY
10000 WAIT_BUYER_PAY
10000 WAIT_BUYER_PAY
10000 WAIT_BUYER_PAY
10000 WAIT_BUYER_PAY
10000 WAIT_BUYER_PAY
10000 WAIT_BUYER_PAY
10000 WAIT_BUYER_PAY
10000 WAIT_BUYER_PAY
10000 WAIT_BUYER_PAY
10000 WAIT_BUYER_PAY
10000 WAIT_BUYER_PAY
10000 WAIT_BUYER_PAY
10000 WAIT_BUYER_PAY
10000 WAIT_BUYER_PAY
10000 WAIT_BUYER_PAY
10000 WAIT_BUYER_PAY
10000 WAIT_BUYER_PAY
10000 WAIT_BUYER_PAY
10000 WAIT_BUYER_PAY
10000 WAIT_BUYER_PAY
10000 WAIT_BUYER_PAY
10000 WAIT_BUYER_PAY
10000 WAIT_BUYER_PAY
10000 WAIT_BUYER_PAY
10000 WAIT_BUYER_PAY
10000 WAIT_BUYER_PAY
10000 WAIT_BUYER_PAY
10000 WAIT_BUYER_PAY
10000 WAIT_BUYER_PAY
10000 WAIT_BUYER_PAY
10000 WAIT_BUYER_PAY
10000 WAIT_BUYER_PAY
10000 WAIT_BUYER_PAY
10000 WAIT_BUYER_PAY
[pid: 11427|app: 0|req: 12/13] 127.0.0.1 () {44 vars in 834 bytes} [Thu May  3 16:37:38 2018] GET /user/orders/1 => generated 7189 bytes in 790 msecs (HTTP/1.1 200) 4 headers in 224 bytes (1 switches on core 0)
10000 WAIT_BUYER_PAY
10000 WAIT_BUYER_PAY
[pid: 11427|app: 0|req: 13/14] 127.0.0.1 () {42 vars in 837 bytes} [Thu May  3 16:37:42 2018] GET /order/comment/201805031157191 => generated 103 bytes in 139 msecs (HTTP/1.1 404) 2 headers in 80 bytes (1 switches on core 0)
10000 WAIT_BUYER_PAY
10000 WAIT_BUYER_PAY
10000 WAIT_BUYER_PAY
10000 WAIT_BUYER_PAY
10000 WAIT_BUYER_PAY
10000 WAIT_BUYER_PAY
10000 WAIT_BUYER_PAY
10000 WAIT_BUYER_PAY
10000 WAIT_BUYER_PAY
10000 WAIT_BUYER_PAY
10000 WAIT_BUYER_PAY
10000 WAIT_BUYER_PAY
10000 WAIT_BUYER_PAY
10000 WAIT_BUYER_PAY
[pid: 11427|app: 0|req: 14/15] 127.0.0.1 () {42 vars in 837 bytes} [Thu May  3 16:38:15 2018] GET /order/comment/201805031157191 => generated 103 bytes in 1 msecs (HTTP/1.1 404) 2 headers in 80 bytes (1 switches on core 0)
10000 WAIT_BUYER_PAY
10000 WAIT_BUYER_PAY
10000 WAIT_BUYER_PAY
[pid: 11427|app: 0|req: 15/16] 127.0.0.1 () {44 vars in 834 bytes} [Thu May  3 16:38:21 2018] GET /user/orders/1 => generated 7189 bytes in 109 msecs (HTTP/1.1 200) 4 headers in 224 bytes (1 switches on core 0)
10000 WAIT_BUYER_PAY
10000 WAIT_BUYER_PAY
10000 WAIT_BUYER_PAY
10000 WAIT_BUYER_PAY
10000 WAIT_BUYER_PAY
10000 WAIT_BUYER_PAY
10000 WAIT_BUYER_PAY
10000 WAIT_BUYER_PAY
10000 WAIT_BUYER_PAY
10000 WAIT_BUYER_PAY
10000 WAIT_BUYER_PAY
10000 WAIT_BUYER_PAY
10000 WAIT_BUYER_PAY
10000 WAIT_BUYER_PAY
10000 WAIT_BUYER_PAY
10000 WAIT_BUYER_PAY
10000 WAIT_BUYER_PAY
10000 WAIT_BUYER_PAY
10000 WAIT_BUYER_PAY
10000 WAIT_BUYER_PAY
10000 WAIT_BUYER_PAY
10000 WAIT_BUYER_PAY
10000 WAIT_BUYER_PAY
10000 WAIT_BUYER_PAY
10000 WAIT_BUYER_PAY
10000 WAIT_BUYER_PAY
10000 WAIT_BUYER_PAY
10000 WAIT_BUYER_PAY
10000 WAIT_BUYER_PAY
10000 WAIT_BUYER_PAY
10000 WAIT_BUYER_PAY
10000 WAIT_BUYER_PAY
10000 WAIT_BUYER_PAY
[pid: 11427|app: 0|req: 16/17] 127.0.0.1 () {44 vars in 834 bytes} [Thu May  3 16:39:37 2018] GET /user/orders/1 => generated 7189 bytes in 220 msecs (HTTP/1.1 200) 4 headers in 224 bytes (1 switches on core 0)
10000 WAIT_BUYER_PAY
10000 WAIT_BUYER_PAY
10000 WAIT_BUYER_PAY
10000 WAIT_BUYER_PAY
10000 WAIT_BUYER_PAY
10000 WAIT_BUYER_PAY
10000 WAIT_BUYER_PAY
10000 WAIT_BUYER_PAY
10000 WAIT_BUYER_PAY
10000 WAIT_BUYER_PAY
没有缓存,从mysql数据库中读取
[pid: 11427|app: 0|req: 17/18] 127.0.0.1 () {40 vars in 743 bytes} [Thu May  3 16:40:03 2018] GET /index => generated 18342 bytes in 262 msecs (HTTP/1.1 200) 3 headers in 102 bytes (1 switches on core 0)
10000 WAIT_BUYER_PAY
10000 WAIT_BUYER_PAY
10000 WAIT_BUYER_PAY
10000 WAIT_BUYER_PAY
10000 WAIT_BUYER_PAY
10000 WAIT_BUYER_PAY
10000 WAIT_BUYER_PAY
10000 WAIT_BUYER_PAY
10000 WAIT_BUYER_PAY
10000 WAIT_BUYER_PAY
10000 WAIT_BUYER_PAY
[pid: 11427|app: 0|req: 18/19] 127.0.0.1 () {40 vars in 755 bytes} [Thu May  3 16:40:27 2018] GET /order/place => generated 0 bytes in 52 msecs (HTTP/1.1 405) 4 headers in 140 bytes (1 switches on core 0)
10000 WAIT_BUYER_PAY
10000 WAIT_BUYER_PAY
10000 WAIT_BUYER_PAY
10000 WAIT_BUYER_PAY
[pid: 11427|app: 0|req: 19/20] 127.0.0.1 () {42 vars in 797 bytes} [Thu May  3 16:40:37 2018] GET /user/orders/1 => generated 7189 bytes in 118 msecs (HTTP/1.1 200) 4 headers in 224 bytes (1 switches on core 0)
10000 WAIT_BUYER_PAY
10000 WAIT_BUYER_PAY
10000 WAIT_BUYER_PAY
10000 WAIT_BUYER_PAY
10000 WAIT_BUYER_PAY
10000 WAIT_BUYER_PAY
10000 WAIT_BUYER_PAY
10000 WAIT_BUYER_PAY
10000 WAIT_BUYER_PAY
10000 WAIT_BUYER_PAY
10000 WAIT_BUYER_PAY
10000 WAIT_BUYER_PAY
10000 WAIT_BUYER_PAY
10000 WAIT_BUYER_PAY
10000 WAIT_BUYER_PAY
[pid: 11427|app: 0|req: 20/21] 127.0.0.1 () {44 vars in 828 bytes} [Thu May  3 16:41:10 2018] GET /user/orders/1 => generated 7189 bytes in 107 msecs (HTTP/1.1 200) 4 headers in 224 bytes (1 switches on core 0)
10000 WAIT_BUYER_PAY
10000 WAIT_BUYER_PAY
10000 WAIT_BUYER_PAY
[pid: 11427|app: 0|req: 21/22] 127.0.0.1 () {44 vars in 868 bytes} [Thu May  3 16:41:17 2018] GET /order/comment/201805031157191 => generated 103 bytes in 2 msecs (HTTP/1.1 404) 2 headers in 80 bytes (1 switches on core 0)
10000 WAIT_BUYER_PAY
10000 WAIT_BUYER_PAY
10000 WAIT_BUYER_PAY
[pid: 11427|app: 0|req: 22/23] 127.0.0.1 () {42 vars in 837 bytes} [Thu May  3 16:41:24 2018] GET /order/comment/201805031157191 => generated 103 bytes in 1 msecs (HTTP/1.1 404) 2 headers in 80 bytes (1 switches on core 0)
10000 WAIT_BUYER_PAY
10000 WAIT_BUYER_PAY
10000 WAIT_BUYER_PAY
10000 WAIT_BUYER_PAY
10000 WAIT_BUYER_PAY
10000 WAIT_BUYER_PAY
10000 WAIT_BUYER_PAY
10000 WAIT_BUYER_PAY
10000 WAIT_BUYER_PAY
10000 WAIT_BUYER_PAY
10000 WAIT_BUYER_PAY
10000 WAIT_BUYER_PAY
10000 WAIT_BUYER_PAY
10000 WAIT_BUYER_PAY
10000 WAIT_BUYER_PAY
[pid: 11427|app: 0|req: 23/24] 127.0.0.1 () {44 vars in 828 bytes} [Thu May  3 16:41:59 2018] GET /user/orders/1 => generated 7189 bytes in 114 msecs (HTTP/1.1 200) 4 headers in 224 bytes (1 switches on core 0)
10000 WAIT_BUYER_PAY
10000 WAIT_BUYER_PAY
10000 WAIT_BUYER_PAY
10000 WAIT_BUYER_PAY
10000 WAIT_BUYER_PAY
10000 WAIT_BUYER_PAY
10000 WAIT_BUYER_PAY
[pid: 11427|app: 0|req: 24/25] 127.0.0.1 () {44 vars in 828 bytes} [Thu May  3 16:42:14 2018] GET /user/orders/1 => generated 7189 bytes in 98 msecs (HTTP/1.1 200) 4 headers in 224 bytes (1 switches on core 0)
使用缓存
[pid: 11425|app: 0|req: 3/26] 127.0.0.1 () {42 vars in 745 bytes} [Thu May  3 16:42:16 2018] GET /index => generated 18331 bytes in 154 msecs (HTTP/1.1 200) 3 headers in 102 bytes (1 switches on core 0)
10000 WAIT_BUYER_PAY
10000 WAIT_BUYER_PAY
[pid: 11425|app: 0|req: 4/27] 127.0.0.1 () {42 vars in 787 bytes} [Thu May  3 16:42:18 2018] GET /user/pc-geetest/register?t=1525336938174 => generated 105 bytes in 2339 msecs (HTTP/1.1 200) 4 headers in 233 bytes (1 switches on core 1)
10000 WAIT_BUYER_PAY
10000 WAIT_BUYER_PAY
10000 WAIT_BUYER_PAY
10000 WAIT_BUYER_PAY
10000 WAIT_BUYER_PAY
10000 WAIT_BUYER_PAY
10000 WAIT_BUYER_PAY
使用缓存
[pid: 11427|app: 0|req: 25/28] 127.0.0.1 () {44 vars in 817 bytes} [Thu May  3 16:42:35 2018] GET /index => generated 18342 bytes in 267 msecs (HTTP/1.1 200) 3 headers in 102 bytes (1 switches on core 0)
10000 WAIT_BUYER_PAY
10000 WAIT_BUYER_PAY
[pid: 11427|app: 0|req: 26/29] 127.0.0.1 () {42 vars in 837 bytes} [Thu May  3 16:42:39 2018] GET /order/comment/201805031157191 => generated 103 bytes in 1 msecs (HTTP/1.1 404) 2 headers in 80 bytes (1 switches on core 0)
10000 WAIT_BUYER_PAY
10000 WAIT_BUYER_PAY
10000 WAIT_BUYER_PAY
10000 WAIT_BUYER_PAY
10000 WAIT_BUYER_PAY
10000 WAIT_BUYER_PAY
10000 WAIT_BUYER_PAY
10000 WAIT_BUYER_PAY
10000 WAIT_BUYER_PAY
10000 WAIT_BUYER_PAY
10000 WAIT_BUYER_PAY
10000 WAIT_BUYER_PAY
10000 WAIT_BUYER_PAY
10000 WAIT_BUYER_PAY
10000 WAIT_BUYER_PAY
10000 WAIT_BUYER_PAY
10000 WAIT_BUYER_PAY
10000 WAIT_BUYER_PAY
10000 WAIT_BUYER_PAY
10000 WAIT_BUYER_PAY
10000 WAIT_BUYER_PAY
10000 WAIT_BUYER_PAY
10000 WAIT_BUYER_PAY
10000 WAIT_BUYER_PAY
10000 WAIT_BUYER_PAY
10000 WAIT_BUYER_PAY
10000 WAIT_BUYER_PAY
10000 WAIT_BUYER_PAY
10000 WAIT_BUYER_PAY
10000 WAIT_BUYER_PAY
10000 WAIT_BUYER_PAY
10000 WAIT_BUYER_PAY
10000 WAIT_BUYER_PAY
10000 WAIT_BUYER_PAY
10000 WAIT_BUYER_PAY
10000 WAIT_BUYER_PAY
10000 WAIT_BUYER_PAY
10000 WAIT_BUYER_PAY
10000 WAIT_BUYER_PAY
10000 WAIT_BUYER_PAY
[pid: 11427|app: 0|req: 27/30] 127.0.0.1 () {42 vars in 837 bytes} [Thu May  3 16:44:11 2018] GET /order/comment/201805031157191 => generated 103 bytes in 4 msecs (HTTP/1.1 404) 2 headers in 80 bytes (1 switches on core 0)
10000 WAIT_BUYER_PAY
10000 WAIT_BUYER_PAY
10000 WAIT_BUYER_PAY
10000 WAIT_BUYER_PAY
10000 WAIT_BUYER_PAY
10000 WAIT_BUYER_PAY
10000 WAIT_BUYER_PAY
10000 WAIT_BUYER_PAY
10000 WAIT_BUYER_PAY
10000 WAIT_BUYER_PAY
10000 WAIT_BUYER_PAY
10000 WAIT_BUYER_PAY
10000 WAIT_BUYER_PAY
10000 WAIT_BUYER_PAY
10000 WAIT_BUYER_PAY
10000 WAIT_BUYER_PAY
10000 WAIT_BUYER_PAY
10000 WAIT_BUYER_PAY
10000 WAIT_BUYER_PAY
10000 WAIT_BUYER_PAY
10000 WAIT_BUYER_PAY
10000 WAIT_BUYER_PAY
[pid: 11427|app: 0|req: 28/31] 127.0.0.1 () {40 vars in 687 bytes} [Thu May  3 16:45:00 2018] GET /favicon.ico => generated 85 bytes in 1 msecs (HTTP/1.1 404) 2 headers in 80 bytes (1 switches on core 0)
10000 WAIT_BUYER_PAY
10000 WAIT_BUYER_PAY
10000 WAIT_BUYER_PAY
[pid: 11427|app: 0|req: 29/32] 127.0.0.1 () {42 vars in 831 bytes} [Thu May  3 16:45:08 2018] GET /user/pc-geetest/register?t=1525337108885 => generated 105 bytes in 383 msecs (HTTP/1.1 200) 4 headers in 233 bytes (1 switches on core 0)
10000 WAIT_BUYER_PAY
10000 WAIT_BUYER_PAY
10000 WAIT_BUYER_PAY
10000 WAIT_BUYER_PAY
10000 WAIT_BUYER_PAY
10000 WAIT_BUYER_PAY
10000 WAIT_BUYER_PAY
使用缓存
[pid: 11427|app: 0|req: 30/33] 127.0.0.1 () {44 vars in 817 bytes} [Thu May  3 16:45:24 2018] GET /index => generated 18342 bytes in 189 msecs (HTTP/1.1 200) 3 headers in 102 bytes (1 switches on core 0)
10000 WAIT_BUYER_PAY
10000 WAIT_BUYER_PAY
[pid: 11427|app: 0|req: 31/34] 127.0.0.1 () {42 vars in 837 bytes} [Thu May  3 16:45:28 2018] GET /order/comment/201805031157191 => generated 103 bytes in 1 msecs (HTTP/1.1 404) 2 headers in 80 bytes (1 switches on core 0)
10000 WAIT_BUYER_PAY
10000 WAIT_BUYER_PAY
10000 WAIT_BUYER_PAY
10000 WAIT_BUYER_PAY
10000 WAIT_BUYER_PAY
10000 WAIT_BUYER_PAY
10000 WAIT_BUYER_PAY
10000 WAIT_BUYER_PAY
10000 WAIT_BUYER_PAY
10000 WAIT_BUYER_PAY
10000 WAIT_BUYER_PAY
10000 WAIT_BUYER_PAY
10000 WAIT_BUYER_PAY
10000 WAIT_BUYER_PAY
10000 WAIT_BUYER_PAY
10000 WAIT_BUYER_PAY
10000 WAIT_BUYER_PAY
10000 WAIT_BUYER_PAY
10000 WAIT_BUYER_PAY
10000 WAIT_BUYER_PAY
10000 WAIT_BUYER_PAY
10000 WAIT_BUYER_PAY
10000 WAIT_BUYER_PAY
10000 WAIT_BUYER_PAY
10000 WAIT_BUYER_PAY
10000 WAIT_BUYER_PAY
10000 WAIT_BUYER_PAY
10000 WAIT_BUYER_PAY
10000 WAIT_BUYER_PAY
10000 WAIT_BUYER_PAY
10000 WAIT_BUYER_PAY
10000 WAIT_BUYER_PAY
10000 WAIT_BUYER_PAY
10000 WAIT_BUYER_PAY
10000 WAIT_BUYER_PAY
10000 WAIT_BUYER_PAY
10000 WAIT_BUYER_PAY
10000 WAIT_BUYER_PAY
10000 WAIT_BUYER_PAY
10000 WAIT_BUYER_PAY
10000 WAIT_BUYER_PAY
10000 WAIT_BUYER_PAY
10000 WAIT_BUYER_PAY
10000 WAIT_BUYER_PAY
10000 WAIT_BUYER_PAY
10000 WAIT_BUYER_PAY
10000 WAIT_BUYER_PAY
10000 WAIT_BUYER_PAY
10000 WAIT_BUYER_PAY
10000 WAIT_BUYER_PAY
10000 WAIT_BUYER_PAY
10000 WAIT_BUYER_PAY
10000 WAIT_BUYER_PAY
10000 WAIT_BUYER_PAY
10000 WAIT_BUYER_PAY
10000 WAIT_BUYER_PAY
10000 WAIT_BUYER_PAY
10000 WAIT_BUYER_PAY
10000 WAIT_BUYER_PAY
10000 WAIT_BUYER_PAY
10000 WAIT_BUYER_PAY
10000 WAIT_BUYER_PAY
10000 WAIT_BUYER_PAY
10000 WAIT_BUYER_PAY
10000 WAIT_BUYER_PAY
10000 WAIT_BUYER_PAY
10000 WAIT_BUYER_PAY
10000 WAIT_BUYER_PAY
10000 WAIT_BUYER_PAY
10000 WAIT_BUYER_PAY
10000 WAIT_BUYER_PAY
10000 WAIT_BUYER_PAY
10000 WAIT_BUYER_PAY
10000 WAIT_BUYER_PAY
10000 WAIT_BUYER_PAY
10000 WAIT_BUYER_PAY
10000 WAIT_BUYER_PAY
SIGINT/SIGQUIT received...killing workers...
worker 1 buried after 1 seconds
worker 2 buried after 1 seconds
worker 3 buried after 1 seconds
worker 4 buried after 1 seconds
goodbye to uWSGI.
*** Starting uWSGI 2.0.17 (64bit) on [Thu May  3 16:49:18 2018] ***
compiled with version: 5.4.0 20160609 on 03 May 2018 04:15:55
os: Linux-4.4.0-31-generic #50-Ubuntu SMP Wed Jul 13 00:07:12 UTC 2016
nodename: ubuntu
machine: x86_64
clock source: unix
pcre jit disabled
detected number of CPU cores: 1
current working directory: /home/python/Desktop/django/dailyfresh
writing pidfile to uwsgi2.pid
detected binary path: /home/python/.virtualenvs/django_py3/bin/uwsgi
chdir() to /home/python/Desktop/django/dailyfresh
your processes number limit is 11807
your memory page size is 4096 bytes
detected max file descriptor number: 1048576
lock engine: pthread robust mutexes
thunder lock: disabled (you can enable it with --thunder-lock)
uwsgi socket 0 bound to TCP address 127.0.0.1:8081 fd 3
Python version: 3.5.2 (default, Nov 23 2017, 16:37:01)  [GCC 5.4.0 20160609]
Set PythonHome to /home/python/.virtualenvs/django_py3
Python main interpreter initialized at 0x2299580
python threads support enabled
your server socket listen backlog is limited to 100 connections
your mercy for graceful operations on workers is 60 seconds
mapped 416880 bytes (407 KB) for 8 cores
*** Operational MODE: preforking+threaded ***
WSGI app 0 (mountpoint='') ready in 1 seconds on interpreter 0x2299580 pid: 12731 (default app)
*** uWSGI is running in multiple interpreter mode ***
spawned uWSGI master process (pid: 12731)
spawned uWSGI worker 1 (pid: 12738, cores: 2)
spawned uWSGI worker 2 (pid: 12739, cores: 2)
spawned uWSGI worker 3 (pid: 12740, cores: 2)
spawned uWSGI worker 4 (pid: 12741, cores: 2)
使用缓存
[pid: 12739|app: 0|req: 1/1] 127.0.0.1 () {40 vars in 743 bytes} [Thu May  3 16:49:28 2018] GET /index => generated 18342 bytes in 471 msecs (HTTP/1.1 200) 3 headers in 102 bytes (1 switches on core 0)
[pid: 12739|app: 0|req: 2/2] 127.0.0.1 () {42 vars in 797 bytes} [Thu May  3 16:49:31 2018] GET /user/orders/1 => generated 7189 bytes in 142 msecs (HTTP/1.1 200) 4 headers in 224 bytes (1 switches on core 1)
[pid: 12738|app: 0|req: 2/3] 127.0.0.1 () {40 vars in 772 bytes} [Thu May  3 16:49:32 2018] GET /order/comment/images/logo.png => generated 3826 bytes in 473 msecs (HTTP/1.1 404) 2 headers in 80 bytes (1 switches on core 1)
[pid: 12738|app: 0|req: 2/4] 127.0.0.1 () {40 vars in 758 bytes} [Thu May  3 16:49:32 2018] GET /order/comment/css/reset.css => generated 3820 bytes in 499 msecs (HTTP/1.1 404) 2 headers in 80 bytes (1 switches on core 0)
